2025-03-09 16:52:12,353 - GoogleNewsSearcher - INFO - Fetching news from https://news.google.com/rss/search?q=Embedded%20Finance&hl=pt-BR&gl=BR&ceid=BR:pt-419
2025-03-09 16:52:12,920 - GoogleNewsSearcher - INFO - Fetching news from https://news.google.com/rss/search?q=%22Embedded%20Finance%22&hl=pt-BR&gl=BR&ceid=BR:pt-419
2025-03-09 16:52:13,615 - GoogleNewsSearcher - INFO - Fetching news from https://news.google.com/rss/search?q=Embedded%20Finance&hl=pt-BR&gl=BR&ceid=BR:pt-419&sort=date
2025-03-09 16:52:14,349 - GoogleNewsSearcher - INFO - Fetching news from https://news.google.com/rss/search?q=Embedded%20Finance+neg%C3%B3cios&hl=pt-BR&gl=BR&ceid=BR:pt-419
2025-03-09 16:52:14,859 - GoogleNewsSearcher - INFO - Fetching news from https://news.google.com/rss/search?q=Embedded%20Finance+economia&hl=pt-BR&gl=BR&ceid=BR:pt-419
2025-03-09 16:52:15,693 - GoogleNewsSearcher - INFO - Fetching news from https://news.google.com/rss/search?q=Embedded%20Finance&hl=en-US&gl=US&ceid=US:en
2025-03-09 16:52:16,283 - GoogleNewsSearcher - INFO - Fetching news from https://news.google.com/rss/search?q=%22Embedded%20Finance%22&hl=en-US&gl=US&ceid=US:en
2025-03-09 16:52:17,232 - GoogleNewsSearcher - INFO - Fetching news from https://news.google.com/rss/search?q=Embedded%20Finance&hl=en-US&gl=US&ceid=US:en&sort=date
2025-03-09 16:52:18,093 - GoogleNewsSearcher - INFO - Fetching news from https://news.google.com/rss/search?q=Embedded%20Finance+market&hl=en-US&gl=US&ceid=US:en
2025-03-09 16:52:18,997 - GoogleNewsSearcher - INFO - Fetching news from https://news.google.com/rss/search?q=Embedded%20Finance+business&hl=en-US&gl=US&ceid=US:en
2025-03-09 16:52:19,730 - GoogleNewsSearcher - INFO - Fetching news from https://news.google.com/rss/search?q=ERP%20Banking&hl=pt-BR&gl=BR&ceid=BR:pt-419
2025-03-09 16:52:20,147 - GoogleNewsSearcher - INFO - Fetching news from https://news.google.com/rss/search?q=%22ERP%20Banking%22&hl=pt-BR&gl=BR&ceid=BR:pt-419
2025-03-09 16:52:20,543 - GoogleNewsSearcher - INFO - Fetching news from https://news.google.com/rss/search?q=ERP%20Banking&hl=pt-BR&gl=BR&ceid=BR:pt-419&sort=date
2025-03-09 16:52:21,300 - GoogleNewsSearcher - INFO - Fetching news from https://news.google.com/rss/search?q=ERP%20Banking+neg%C3%B3cios&hl=pt-BR&gl=BR&ceid=BR:pt-419
2025-03-09 16:52:22,132 - GoogleNewsSearcher - INFO - Fetching news from https://news.google.com/rss/search?q=ERP%20Banking+economia&hl=pt-BR&gl=BR&ceid=BR:pt-419
2025-03-09 16:52:22,922 - GoogleNewsSearcher - INFO - Fetching news from https://news.google.com/rss/search?q=ERP%20Banking&hl=en-US&gl=US&ceid=US:en
2025-03-09 16:52:23,775 - GoogleNewsSearcher - INFO - Fetching news from https://news.google.com/rss/search?q=%22ERP%20Banking%22&hl=en-US&gl=US&ceid=US:en
2025-03-09 16:52:24,122 - GoogleNewsSearcher - INFO - Fetching news from https://news.google.com/rss/search?q=ERP%20Banking&hl=en-US&gl=US&ceid=US:en&sort=date
2025-03-09 16:52:24,672 - GoogleNewsSearcher - INFO - Fetching news from https://news.google.com/rss/search?q=ERP%20Banking+finance&hl=en-US&gl=US&ceid=US:en
2025-03-09 16:52:25,298 - GoogleNewsSearcher - INFO - Fetching news from https://news.google.com/rss/search?q=ERP%20Banking+business&hl=en-US&gl=US&ceid=US:en
2025-03-09 16:52:26,018 - GoogleNewsSearcher - INFO - Fetching news from https://news.google.com/rss/search?q=TOTVS%20Techfin&hl=pt-BR&gl=BR&ceid=BR:pt-419
2025-03-09 16:52:26,759 - GoogleNewsSearcher - INFO - Fetching news from https://news.google.com/rss/search?q=%22TOTVS%20Techfin%22&hl=pt-BR&gl=BR&ceid=BR:pt-419
2025-03-09 16:52:27,248 - GoogleNewsSearcher - INFO - Fetching news from https://news.google.com/rss/search?q=TOTVS%20Techfin&hl=pt-BR&gl=BR&ceid=BR:pt-419&sort=date
2025-03-09 16:52:27,964 - GoogleNewsSearcher - INFO - Fetching news from https://news.google.com/rss/search?q=TOTVS%20Techfin+mercado&hl=pt-BR&gl=BR&ceid=BR:pt-419
2025-03-09 16:52:28,434 - GoogleNewsSearcher - INFO - Fetching news from https://news.google.com/rss/search?q=TOTVS%20Techfin+finan%C3%A7as&hl=pt-BR&gl=BR&ceid=BR:pt-419
2025-03-09 16:52:29,175 - GoogleNewsSearcher - INFO - Fetching news from https://news.google.com/rss/search?q=TOTVS%20Techfin&hl=en-US&gl=US&ceid=US:en
2025-03-09 16:52:29,530 - GoogleNewsSearcher - INFO - Fetching news from https://news.google.com/rss/search?q=%22TOTVS%20Techfin%22&hl=en-US&gl=US&ceid=US:en
2025-03-09 16:52:29,843 - GoogleNewsSearcher - INFO - Fetching news from https://news.google.com/rss/search?q=TOTVS%20Techfin&hl=en-US&gl=US&ceid=US:en&sort=date
2025-03-09 16:52:30,198 - GoogleNewsSearcher - INFO - Fetching news from https://news.google.com/rss/search?q=TOTVS%20Techfin+market&hl=en-US&gl=US&ceid=US:en
2025-03-09 16:52:30,573 - GoogleNewsSearcher - INFO - Fetching news from https://news.google.com/rss/search?q=TOTVS%20Techfin+economy&hl=en-US&gl=US&ceid=US:en
2025-03-09 16:52:30,986 - GoogleNewsSearcher - INFO - Fetching news from https://news.google.com/rss/search?q=TOTVS%20Supplier&hl=pt-BR&gl=BR&ceid=BR:pt-419
2025-03-09 16:52:31,463 - GoogleNewsSearcher - INFO - Fetching news from https://news.google.com/rss/search?q=%22TOTVS%20Supplier%22&hl=pt-BR&gl=BR&ceid=BR:pt-419
2025-03-09 16:52:31,772 - GoogleNewsSearcher - WARNING - No entries found in feed from https://news.google.com/rss/search?q=%22TOTVS%20Supplier%22&hl=pt-BR&gl=BR&ceid=BR:pt-419
2025-03-09 16:52:31,772 - GoogleNewsSearcher - INFO - Fetching news from https://news.google.com/rss/search?q=TOTVS%20Supplier&hl=pt-BR&gl=BR&ceid=BR:pt-419&sort=date
2025-03-09 16:52:32,146 - GoogleNewsSearcher - INFO - Fetching news from https://news.google.com/rss/search?q=TOTVS%20Supplier+mercado&hl=pt-BR&gl=BR&ceid=BR:pt-419
2025-03-09 16:52:32,545 - GoogleNewsSearcher - INFO - Fetching news from https://news.google.com/rss/search?q=TOTVS%20Supplier+finan%C3%A7as&hl=pt-BR&gl=BR&ceid=BR:pt-419
2025-03-09 16:52:32,947 - GoogleNewsSearcher - INFO - Fetching news from https://news.google.com/rss/search?q=TOTVS%20Supplier&hl=en-US&gl=US&ceid=US:en
2025-03-09 16:52:33,305 - GoogleNewsSearcher - INFO - Fetching news from https://news.google.com/rss/search?q=%22TOTVS%20Supplier%22&hl=en-US&gl=US&ceid=US:en
2025-03-09 16:52:33,747 - GoogleNewsSearcher - WARNING - No entries found in feed from https://news.google.com/rss/search?q=%22TOTVS%20Supplier%22&hl=en-US&gl=US&ceid=US:en
2025-03-09 16:52:33,747 - GoogleNewsSearcher - INFO - Fetching news from https://news.google.com/rss/search?q=TOTVS%20Supplier&hl=en-US&gl=US&ceid=US:en&sort=date
2025-03-09 16:52:34,078 - GoogleNewsSearcher - INFO - Fetching news from https://news.google.com/rss/search?q=TOTVS%20Supplier+economy&hl=en-US&gl=US&ceid=US:en
2025-03-09 16:52:34,453 - GoogleNewsSearcher - INFO - Fetching news from https://news.google.com/rss/search?q=TOTVS%20Supplier+market&hl=en-US&gl=US&ceid=US:en
2025-03-09 16:52:34,889 - GoogleNewsSearcher - INFO - Fetching news from https://news.google.com/rss/search?q=Techfin&hl=pt-BR&gl=BR&ceid=BR:pt-419
2025-03-09 16:52:35,684 - GoogleNewsSearcher - INFO - Fetching news from https://news.google.com/rss/search?q=%22Techfin%22&hl=pt-BR&gl=BR&ceid=BR:pt-419
2025-03-09 16:52:36,306 - GoogleNewsSearcher - INFO - Fetching news from https://news.google.com/rss/search?q=Techfin&hl=pt-BR&gl=BR&ceid=BR:pt-419&sort=date
2025-03-09 16:52:37,080 - GoogleNewsSearcher - INFO - Fetching news from https://news.google.com/rss/search?q=Techfin+finan%C3%A7as&hl=pt-BR&gl=BR&ceid=BR:pt-419
2025-03-09 16:52:38,111 - GoogleNewsSearcher - INFO - Fetching news from https://news.google.com/rss/search?q=Techfin+mercado&hl=pt-BR&gl=BR&ceid=BR:pt-419
2025-03-09 16:52:38,989 - GoogleNewsSearcher - INFO - Fetching news from https://news.google.com/rss/search?q=Techfin&hl=en-US&gl=US&ceid=US:en
2025-03-09 16:52:39,639 - GoogleNewsSearcher - INFO - Fetching news from https://news.google.com/rss/search?q=%22Techfin%22&hl=en-US&gl=US&ceid=US:en
2025-03-09 16:52:40,155 - GoogleNewsSearcher - INFO - Fetching news from https://news.google.com/rss/search?q=Techfin&hl=en-US&gl=US&ceid=US:en&sort=date
2025-03-09 16:52:40,873 - GoogleNewsSearcher - INFO - Fetching news from https://news.google.com/rss/search?q=Techfin+market&hl=en-US&gl=US&ceid=US:en
2025-03-09 16:52:41,878 - GoogleNewsSearcher - INFO - Fetching news from https://news.google.com/rss/search?q=Techfin+finance&hl=en-US&gl=US&ceid=US:en
2025-03-09 16:52:42,801 - GoogleNewsSearcher - INFO - Saved 1 results to cache for Techfin_en_20250308_20250309
2025-03-09 16:52:42,801 - GoogleNewsSearcher - INFO - Fetching news from https://news.google.com/rss/search?q=Integra%C3%A7%C3%B5es%20Banc%C3%A1rias&hl=pt-BR&gl=BR&ceid=BR:pt-419
2025-03-09 16:52:43,344 - GoogleNewsSearcher - INFO - Fetching news from https://news.google.com/rss/search?q=%22Integra%C3%A7%C3%B5es%20Banc%C3%A1rias%22&hl=pt-BR&gl=BR&ceid=BR:pt-419
2025-03-09 16:52:44,038 - GoogleNewsSearcher - INFO - Fetching news from https://news.google.com/rss/search?q=Integra%C3%A7%C3%B5es%20Banc%C3%A1rias&hl=pt-BR&gl=BR&ceid=BR:pt-419&sort=date
2025-03-09 16:52:44,869 - GoogleNewsSearcher - INFO - Fetching news from https://news.google.com/rss/search?q=Integra%C3%A7%C3%B5es%20Banc%C3%A1rias+finan%C3%A7as&hl=pt-BR&gl=BR&ceid=BR:pt-419
2025-03-09 16:52:45,502 - GoogleNewsSearcher - INFO - Fetching news from https://news.google.com/rss/search?q=Integra%C3%A7%C3%B5es%20Banc%C3%A1rias+economia&hl=pt-BR&gl=BR&ceid=BR:pt-419
2025-03-09 16:52:46,102 - GoogleNewsSearcher - INFO - Fetching news from https://news.google.com/rss/search?q=Integra%C3%A7%C3%B5es%20Banc%C3%A1rias&hl=en-US&gl=US&ceid=US:en
2025-03-09 16:52:46,798 - GoogleNewsSearcher - INFO - Fetching news from https://news.google.com/rss/search?q=%22Integra%C3%A7%C3%B5es%20Banc%C3%A1rias%22&hl=en-US&gl=US&ceid=US:en
2025-03-09 16:52:47,374 - GoogleNewsSearcher - WARNING - No entries found in feed from https://news.google.com/rss/search?q=%22Integra%C3%A7%C3%B5es%20Banc%C3%A1rias%22&hl=en-US&gl=US&ceid=US:en
2025-03-09 16:52:47,375 - GoogleNewsSearcher - INFO - Fetching news from https://news.google.com/rss/search?q=Integra%C3%A7%C3%B5es%20Banc%C3%A1rias&hl=en-US&gl=US&ceid=US:en&sort=date
2025-03-09 16:52:48,039 - GoogleNewsSearcher - INFO - Fetching news from https://news.google.com/rss/search?q=Integra%C3%A7%C3%B5es%20Banc%C3%A1rias+business&hl=en-US&gl=US&ceid=US:en
2025-03-09 16:52:49,075 - GoogleNewsSearcher - INFO - Fetching news from https://news.google.com/rss/search?q=Integra%C3%A7%C3%B5es%20Banc%C3%A1rias+market&hl=en-US&gl=US&ceid=US:en
2025-03-09 16:52:49,645 - GoogleNewsSearcher - INFO - Fetching news from https://news.google.com/rss/search?q=Ita%C3%BA%20BBA&hl=pt-BR&gl=BR&ceid=BR:pt-419
2025-03-09 16:52:50,551 - GoogleNewsSearcher - INFO - Fetching news from https://news.google.com/rss/search?q=%22Ita%C3%BA%20BBA%22&hl=pt-BR&gl=BR&ceid=BR:pt-419
2025-03-09 16:52:51,570 - GoogleNewsSearcher - INFO - Fetching news from https://news.google.com/rss/search?q=Ita%C3%BA%20BBA&hl=pt-BR&gl=BR&ceid=BR:pt-419&sort=date
2025-03-09 16:52:52,429 - GoogleNewsSearcher - INFO - Fetching news from https://news.google.com/rss/search?q=Ita%C3%BA%20BBA+mercado&hl=pt-BR&gl=BR&ceid=BR:pt-419
2025-03-09 16:52:53,440 - GoogleNewsSearcher - INFO - Fetching news from https://news.google.com/rss/search?q=Ita%C3%BA%20BBA+finan%C3%A7as&hl=pt-BR&gl=BR&ceid=BR:pt-419
2025-03-09 16:52:54,421 - GoogleNewsSearcher - INFO - Fetching news from https://news.google.com/rss/search?q=Ita%C3%BA%20BBA&hl=en-US&gl=US&ceid=US:en
2025-03-09 16:52:55,059 - GoogleNewsSearcher - INFO - Fetching news from https://news.google.com/rss/search?q=%22Ita%C3%BA%20BBA%22&hl=en-US&gl=US&ceid=US:en
2025-03-09 16:52:55,588 - GoogleNewsSearcher - INFO - Fetching news from https://news.google.com/rss/search?q=Ita%C3%BA%20BBA&hl=en-US&gl=US&ceid=US:en&sort=date
2025-03-09 16:52:56,111 - GoogleNewsSearcher - INFO - Fetching news from https://news.google.com/rss/search?q=Ita%C3%BA%20BBA+economy&hl=en-US&gl=US&ceid=US:en
2025-03-09 16:52:56,934 - GoogleNewsSearcher - INFO - Fetching news from https://news.google.com/rss/search?q=Ita%C3%BA%20BBA+market&hl=en-US&gl=US&ceid=US:en
2025-03-09 16:53:11,787 - GoogleNewsSearcher - INFO - Fetching news from https://news.google.com/rss/search?q=Embedded%20Finance&hl=pt-BR&gl=BR&ceid=BR:pt-419
2025-03-09 16:53:11,943 - GoogleNewsSearcher - INFO - Fetching news from https://news.google.com/rss/search?q=%22Embedded%20Finance%22&hl=pt-BR&gl=BR&ceid=BR:pt-419
2025-03-09 16:53:12,061 - GoogleNewsSearcher - INFO - Fetching news from https://news.google.com/rss/search?q=Embedded%20Finance&hl=pt-BR&gl=BR&ceid=BR:pt-419&sort=date
2025-03-09 16:53:12,189 - GoogleNewsSearcher - INFO - Fetching news from https://news.google.com/rss/search?q=Embedded%20Finance+mercado&hl=pt-BR&gl=BR&ceid=BR:pt-419
2025-03-09 16:53:13,015 - GoogleNewsSearcher - INFO - Fetching news from https://news.google.com/rss/search?q=Embedded%20Finance+economia&hl=pt-BR&gl=BR&ceid=BR:pt-419
2025-03-09 16:53:13,141 - GoogleNewsSearcher - INFO - Saved 8 results to cache for Embedded_Finance_pt_20250207_20250309
2025-03-09 16:53:13,141 - GoogleNewsSearcher - INFO - Fetching news from https://news.google.com/rss/search?q=Embedded%20Finance&hl=en-US&gl=US&ceid=US:en
2025-03-09 16:53:13,266 - GoogleNewsSearcher - INFO - Fetching news from https://news.google.com/rss/search?q=%22Embedded%20Finance%22&hl=en-US&gl=US&ceid=US:en
2025-03-09 16:53:13,395 - GoogleNewsSearcher - INFO - Fetching news from https://news.google.com/rss/search?q=Embedded%20Finance&hl=en-US&gl=US&ceid=US:en&sort=date
2025-03-09 16:53:13,559 - GoogleNewsSearcher - INFO - Fetching news from https://news.google.com/rss/search?q=Embedded%20Finance+business&hl=en-US&gl=US&ceid=US:en
2025-03-09 16:53:13,684 - GoogleNewsSearcher - INFO - Fetching news from https://news.google.com/rss/search?q=Embedded%20Finance+finance&hl=en-US&gl=US&ceid=US:en
2025-03-09 16:53:14,774 - GoogleNewsSearcher - INFO - Saved 26 results to cache for Embedded_Finance_en_20250207_20250309
2025-03-09 16:53:14,774 - GoogleNewsSearcher - INFO - Fetching news from https://news.google.com/rss/search?q=ERP%20Banking&hl=pt-BR&gl=BR&ceid=BR:pt-419
2025-03-09 16:53:14,896 - GoogleNewsSearcher - INFO - Fetching news from https://news.google.com/rss/search?q=%22ERP%20Banking%22&hl=pt-BR&gl=BR&ceid=BR:pt-419
2025-03-09 16:53:14,985 - GoogleNewsSearcher - INFO - Fetching news from https://news.google.com/rss/search?q=ERP%20Banking&hl=pt-BR&gl=BR&ceid=BR:pt-419&sort=date
2025-03-09 16:53:15,099 - GoogleNewsSearcher - INFO - Fetching news from https://news.google.com/rss/search?q=ERP%20Banking+finan%C3%A7as&hl=pt-BR&gl=BR&ceid=BR:pt-419
2025-03-09 16:53:15,653 - GoogleNewsSearcher - INFO - Fetching news from https://news.google.com/rss/search?q=ERP%20Banking+mercado&hl=pt-BR&gl=BR&ceid=BR:pt-419
2025-03-09 16:53:16,463 - GoogleNewsSearcher - INFO - Saved 5 results to cache for ERP_Banking_pt_20250207_20250309
2025-03-09 16:53:16,463 - GoogleNewsSearcher - INFO - Fetching news from https://news.google.com/rss/search?q=ERP%20Banking&hl=en-US&gl=US&ceid=US:en
2025-03-09 16:53:16,594 - GoogleNewsSearcher - INFO - Fetching news from https://news.google.com/rss/search?q=%22ERP%20Banking%22&hl=en-US&gl=US&ceid=US:en
2025-03-09 16:53:16,717 - GoogleNewsSearcher - INFO - Fetching news from https://news.google.com/rss/search?q=ERP%20Banking&hl=en-US&gl=US&ceid=US:en&sort=date
2025-03-09 16:53:16,855 - GoogleNewsSearcher - INFO - Fetching news from https://news.google.com/rss/search?q=ERP%20Banking+market&hl=en-US&gl=US&ceid=US:en
2025-03-09 16:53:17,630 - GoogleNewsSearcher - INFO - Fetching news from https://news.google.com/rss/search?q=ERP%20Banking+business&hl=en-US&gl=US&ceid=US:en
2025-03-09 16:53:17,781 - GoogleNewsSearcher - INFO - Saved 9 results to cache for ERP_Banking_en_20250207_20250309
2025-03-09 16:53:17,781 - GoogleNewsSearcher - INFO - Fetching news from https://news.google.com/rss/search?q=TOTVS%20Techfin&hl=pt-BR&gl=BR&ceid=BR:pt-419
2025-03-09 16:53:17,902 - GoogleNewsSearcher - INFO - Fetching news from https://news.google.com/rss/search?q=%22TOTVS%20Techfin%22&hl=pt-BR&gl=BR&ceid=BR:pt-419
2025-03-09 16:53:18,045 - GoogleNewsSearcher - INFO - Fetching news from https://news.google.com/rss/search?q=TOTVS%20Techfin&hl=pt-BR&gl=BR&ceid=BR:pt-419&sort=date
2025-03-09 16:53:18,182 - GoogleNewsSearcher - INFO - Fetching news from https://news.google.com/rss/search?q=TOTVS%20Techfin+finan%C3%A7as&hl=pt-BR&gl=BR&ceid=BR:pt-419
2025-03-09 16:53:18,289 - GoogleNewsSearcher - INFO - Fetching news from https://news.google.com/rss/search?q=TOTVS%20Techfin+economia&hl=pt-BR&gl=BR&ceid=BR:pt-419
2025-03-09 16:53:19,003 - GoogleNewsSearcher - INFO - Saved 5 results to cache for TOTVS_Techfin_pt_20250207_20250309
2025-03-09 16:53:19,003 - GoogleNewsSearcher - INFO - Fetching news from https://news.google.com/rss/search?q=TOTVS%20Techfin&hl=en-US&gl=US&ceid=US:en
2025-03-09 16:53:19,086 - GoogleNewsSearcher - INFO - Fetching news from https://news.google.com/rss/search?q=%22TOTVS%20Techfin%22&hl=en-US&gl=US&ceid=US:en
2025-03-09 16:53:19,183 - GoogleNewsSearcher - INFO - Fetching news from https://news.google.com/rss/search?q=TOTVS%20Techfin&hl=en-US&gl=US&ceid=US:en&sort=date
2025-03-09 16:53:19,296 - GoogleNewsSearcher - INFO - Fetching news from https://news.google.com/rss/search?q=TOTVS%20Techfin+economy&hl=en-US&gl=US&ceid=US:en
2025-03-09 16:53:19,390 - GoogleNewsSearcher - INFO - Fetching news from https://news.google.com/rss/search?q=TOTVS%20Techfin+finance&hl=en-US&gl=US&ceid=US:en
2025-03-09 16:53:19,791 - GoogleNewsSearcher - INFO - Fetching news from https://news.google.com/rss/search?q=TOTVS%20Supplier&hl=pt-BR&gl=BR&ceid=BR:pt-419
2025-03-09 16:53:19,905 - GoogleNewsSearcher - INFO - Fetching news from https://news.google.com/rss/search?q=%22TOTVS%20Supplier%22&hl=pt-BR&gl=BR&ceid=BR:pt-419
2025-03-09 16:53:19,996 - GoogleNewsSearcher - WARNING - No entries found in feed from https://news.google.com/rss/search?q=%22TOTVS%20Supplier%22&hl=pt-BR&gl=BR&ceid=BR:pt-419
2025-03-09 16:53:19,996 - GoogleNewsSearcher - INFO - Fetching news from https://news.google.com/rss/search?q=TOTVS%20Supplier&hl=pt-BR&gl=BR&ceid=BR:pt-419&sort=date
2025-03-09 16:53:20,098 - GoogleNewsSearcher - INFO - Fetching news from https://news.google.com/rss/search?q=TOTVS%20Supplier+neg%C3%B3cios&hl=pt-BR&gl=BR&ceid=BR:pt-419
2025-03-09 16:53:20,515 - GoogleNewsSearcher - INFO - Fetching news from https://news.google.com/rss/search?q=TOTVS%20Supplier+economia&hl=pt-BR&gl=BR&ceid=BR:pt-419
2025-03-09 16:53:21,067 - GoogleNewsSearcher - INFO - Fetching news from https://news.google.com/rss/search?q=TOTVS%20Supplier&hl=en-US&gl=US&ceid=US:en
2025-03-09 16:53:21,167 - GoogleNewsSearcher - INFO - Fetching news from https://news.google.com/rss/search?q=%22TOTVS%20Supplier%22&hl=en-US&gl=US&ceid=US:en
2025-03-09 16:53:21,263 - GoogleNewsSearcher - WARNING - No entries found in feed from https://news.google.com/rss/search?q=%22TOTVS%20Supplier%22&hl=en-US&gl=US&ceid=US:en
2025-03-09 16:53:21,263 - GoogleNewsSearcher - INFO - Fetching news from https://news.google.com/rss/search?q=TOTVS%20Supplier&hl=en-US&gl=US&ceid=US:en&sort=date
2025-03-09 16:53:21,358 - GoogleNewsSearcher - INFO - Fetching news from https://news.google.com/rss/search?q=TOTVS%20Supplier+finance&hl=en-US&gl=US&ceid=US:en
2025-03-09 16:53:21,670 - GoogleNewsSearcher - INFO - Fetching news from https://news.google.com/rss/search?q=TOTVS%20Supplier+economy&hl=en-US&gl=US&ceid=US:en
2025-03-09 16:53:21,755 - GoogleNewsSearcher - INFO - Fetching news from https://news.google.com/rss/search?q=Techfin&hl=pt-BR&gl=BR&ceid=BR:pt-419
2025-03-09 16:53:21,898 - GoogleNewsSearcher - INFO - Fetching news from https://news.google.com/rss/search?q=%22Techfin%22&hl=pt-BR&gl=BR&ceid=BR:pt-419
2025-03-09 16:53:22,059 - GoogleNewsSearcher - INFO - Fetching news from https://news.google.com/rss/search?q=Techfin&hl=pt-BR&gl=BR&ceid=BR:pt-419&sort=date
2025-03-09 16:53:22,173 - GoogleNewsSearcher - INFO - Fetching news from https://news.google.com/rss/search?q=Techfin+mercado&hl=pt-BR&gl=BR&ceid=BR:pt-419
2025-03-09 16:53:22,309 - GoogleNewsSearcher - INFO - Fetching news from https://news.google.com/rss/search?q=Techfin+neg%C3%B3cios&hl=pt-BR&gl=BR&ceid=BR:pt-419
2025-03-09 16:53:23,214 - GoogleNewsSearcher - INFO - Saved 4 results to cache for Techfin_pt_20250207_20250309
2025-03-09 16:53:23,214 - GoogleNewsSearcher - INFO - Fetching news from https://news.google.com/rss/search?q=Techfin&hl=en-US&gl=US&ceid=US:en
2025-03-09 16:53:23,327 - GoogleNewsSearcher - INFO - Fetching news from https://news.google.com/rss/search?q=%22Techfin%22&hl=en-US&gl=US&ceid=US:en
2025-03-09 16:53:23,437 - GoogleNewsSearcher - INFO - Fetching news from https://news.google.com/rss/search?q=Techfin&hl=en-US&gl=US&ceid=US:en&sort=date
2025-03-09 16:53:23,556 - GoogleNewsSearcher - INFO - Fetching news from https://news.google.com/rss/search?q=Techfin+business&hl=en-US&gl=US&ceid=US:en
2025-03-09 16:53:24,276 - GoogleNewsSearcher - INFO - Fetching news from https://news.google.com/rss/search?q=Techfin+finance&hl=en-US&gl=US&ceid=US:en
2025-03-09 16:53:24,385 - GoogleNewsSearcher - INFO - Saved 5 results to cache for Techfin_en_20250207_20250309
2025-03-09 16:53:24,385 - GoogleNewsSearcher - INFO - Fetching news from https://news.google.com/rss/search?q=Integra%C3%A7%C3%B5es%20Banc%C3%A1rias&hl=pt-BR&gl=BR&ceid=BR:pt-419
2025-03-09 16:53:24,497 - GoogleNewsSearcher - INFO - Fetching news from https://news.google.com/rss/search?q=%22Integra%C3%A7%C3%B5es%20Banc%C3%A1rias%22&hl=pt-BR&gl=BR&ceid=BR:pt-419
2025-03-09 16:53:24,585 - GoogleNewsSearcher - INFO - Fetching news from https://news.google.com/rss/search?q=Integra%C3%A7%C3%B5es%20Banc%C3%A1rias&hl=pt-BR&gl=BR&ceid=BR:pt-419&sort=date
2025-03-09 16:53:24,700 - GoogleNewsSearcher - INFO - Fetching news from https://news.google.com/rss/search?q=Integra%C3%A7%C3%B5es%20Banc%C3%A1rias+economia&hl=pt-BR&gl=BR&ceid=BR:pt-419
2025-03-09 16:53:24,825 - GoogleNewsSearcher - INFO - Fetching news from https://news.google.com/rss/search?q=Integra%C3%A7%C3%B5es%20Banc%C3%A1rias+mercado&hl=pt-BR&gl=BR&ceid=BR:pt-419
2025-03-09 16:53:25,726 - GoogleNewsSearcher - INFO - Saved 12 results to cache for Integrações_Bancárias_pt_20250207_20250309
2025-03-09 16:53:25,726 - GoogleNewsSearcher - INFO - Fetching news from https://news.google.com/rss/search?q=Integra%C3%A7%C3%B5es%20Banc%C3%A1rias&hl=en-US&gl=US&ceid=US:en
2025-03-09 16:53:25,842 - GoogleNewsSearcher - INFO - Fetching news from https://news.google.com/rss/search?q=%22Integra%C3%A7%C3%B5es%20Banc%C3%A1rias%22&hl=en-US&gl=US&ceid=US:en
2025-03-09 16:53:25,933 - GoogleNewsSearcher - WARNING - No entries found in feed from https://news.google.com/rss/search?q=%22Integra%C3%A7%C3%B5es%20Banc%C3%A1rias%22&hl=en-US&gl=US&ceid=US:en
2025-03-09 16:53:25,933 - GoogleNewsSearcher - INFO - Fetching news from https://news.google.com/rss/search?q=Integra%C3%A7%C3%B5es%20Banc%C3%A1rias&hl=en-US&gl=US&ceid=US:en&sort=date
2025-03-09 16:53:26,046 - GoogleNewsSearcher - INFO - Fetching news from https://news.google.com/rss/search?q=Integra%C3%A7%C3%B5es%20Banc%C3%A1rias+business&hl=en-US&gl=US&ceid=US:en
2025-03-09 16:53:26,220 - GoogleNewsSearcher - INFO - Fetching news from https://news.google.com/rss/search?q=Integra%C3%A7%C3%B5es%20Banc%C3%A1rias+market&hl=en-US&gl=US&ceid=US:en
2025-03-09 16:53:26,323 - GoogleNewsSearcher - INFO - Saved 2 results to cache for Integrações_Bancárias_en_20250207_20250309
2025-03-09 16:53:26,323 - GoogleNewsSearcher - INFO - Fetching news from https://news.google.com/rss/search?q=Ita%C3%BA%20BBA&hl=pt-BR&gl=BR&ceid=BR:pt-419
2025-03-09 16:53:26,473 - GoogleNewsSearcher - INFO - Fetching news from https://news.google.com/rss/search?q=%22Ita%C3%BA%20BBA%22&hl=pt-BR&gl=BR&ceid=BR:pt-419
2025-03-09 16:53:26,626 - GoogleNewsSearcher - INFO - Fetching news from https://news.google.com/rss/search?q=Ita%C3%BA%20BBA&hl=pt-BR&gl=BR&ceid=BR:pt-419&sort=date
2025-03-09 16:53:26,760 - GoogleNewsSearcher - INFO - Fetching news from https://news.google.com/rss/search?q=Ita%C3%BA%20BBA+economia&hl=pt-BR&gl=BR&ceid=BR:pt-419
2025-03-09 16:53:27,635 - GoogleNewsSearcher - INFO - Fetching news from https://news.google.com/rss/search?q=Ita%C3%BA%20BBA+finan%C3%A7as&hl=pt-BR&gl=BR&ceid=BR:pt-419
2025-03-09 16:53:27,766 - GoogleNewsSearcher - INFO - Saved 69 results to cache for Itaú_BBA_pt_20250207_20250309
2025-03-09 16:53:27,766 - GoogleNewsSearcher - INFO - Fetching news from https://news.google.com/rss/search?q=Ita%C3%BA%20BBA&hl=en-US&gl=US&ceid=US:en
2025-03-09 16:53:27,879 - GoogleNewsSearcher - INFO - Fetching news from https://news.google.com/rss/search?q=%22Ita%C3%BA%20BBA%22&hl=en-US&gl=US&ceid=US:en
2025-03-09 16:53:27,987 - GoogleNewsSearcher - INFO - Fetching news from https://news.google.com/rss/search?q=Ita%C3%BA%20BBA&hl=en-US&gl=US&ceid=US:en&sort=date
2025-03-09 16:53:28,098 - GoogleNewsSearcher - INFO - Fetching news from https://news.google.com/rss/search?q=Ita%C3%BA%20BBA+finance&hl=en-US&gl=US&ceid=US:en
2025-03-09 16:53:29,100 - GoogleNewsSearcher - INFO - Fetching news from https://news.google.com/rss/search?q=Ita%C3%BA%20BBA+business&hl=en-US&gl=US&ceid=US:en
2025-03-09 16:53:29,894 - GoogleNewsSearcher - INFO - Saved 13 results to cache for Itaú_BBA_en_20250207_20250309
2025-03-09 16:54:55,746 - GoogleNewsSearcher - INFO - Fetching news from https://news.google.com/rss/search?q=TOTVS%20Techfin&hl=pt-BR&gl=BR&ceid=BR:pt-419
2025-03-09 16:54:56,230 - GoogleNewsSearcher - INFO - Fetching news from https://news.google.com/rss/search?q=%22TOTVS%20Techfin%22&hl=pt-BR&gl=BR&ceid=BR:pt-419
2025-03-09 16:54:56,590 - GoogleNewsSearcher - INFO - Fetching news from https://news.google.com/rss/search?q=TOTVS%20Techfin&hl=pt-BR&gl=BR&ceid=BR:pt-419&sort=date
2025-03-09 16:54:57,035 - GoogleNewsSearcher - INFO - Fetching news from https://news.google.com/rss/search?q=TOTVS%20Techfin+neg%C3%B3cios&hl=pt-BR&gl=BR&ceid=BR:pt-419
2025-03-09 16:54:57,732 - GoogleNewsSearcher - INFO - Fetching news from https://news.google.com/rss/search?q=TOTVS%20Techfin+mercado&hl=pt-BR&gl=BR&ceid=BR:pt-419
2025-03-09 16:54:58,385 - GoogleNewsSearcher - INFO - Saved 35 results to cache for TOTVS_Techfin_pt_20240101_20250309
2025-03-09 16:54:58,386 - GoogleNewsSearcher - INFO - Fetching news from https://news.google.com/rss/search?q=TOTVS%20Techfin&hl=en-US&gl=US&ceid=US:en
2025-03-09 16:54:58,955 - GoogleNewsSearcher - INFO - Fetching news from https://news.google.com/rss/search?q=%22TOTVS%20Techfin%22&hl=en-US&gl=US&ceid=US:en
2025-03-09 16:54:59,238 - GoogleNewsSearcher - INFO - Fetching news from https://news.google.com/rss/search?q=TOTVS%20Techfin&hl=en-US&gl=US&ceid=US:en&sort=date
2025-03-09 16:54:59,540 - GoogleNewsSearcher - INFO - Fetching news from https://news.google.com/rss/search?q=TOTVS%20Techfin+finance&hl=en-US&gl=US&ceid=US:en
2025-03-09 16:55:00,110 - GoogleNewsSearcher - INFO - Fetching news from https://news.google.com/rss/search?q=TOTVS%20Techfin+market&hl=en-US&gl=US&ceid=US:en
2025-03-09 18:33:42,400 - GoogleNewsSearcher - INFO - Fetching news from https://news.google.com/rss/search?q=Embedded%20Finance&hl=pt-BR&gl=BR&ceid=BR:pt-419
2025-03-09 18:33:43,655 - GoogleNewsSearcher - INFO - Fetching news from https://news.google.com/rss/search?q=%22Embedded%20Finance%22&hl=pt-BR&gl=BR&ceid=BR:pt-419
2025-03-09 18:33:44,399 - GoogleNewsSearcher - INFO - Fetching news from https://news.google.com/rss/search?q=Embedded%20Finance&hl=pt-BR&gl=BR&ceid=BR:pt-419&sort=date
2025-03-09 18:33:45,147 - GoogleNewsSearcher - INFO - Fetching news from https://news.google.com/rss/search?q=Embedded%20Finance+neg%C3%B3cios&hl=pt-BR&gl=BR&ceid=BR:pt-419
2025-03-09 18:33:46,089 - GoogleNewsSearcher - INFO - Fetching news from https://news.google.com/rss/search?q=Embedded%20Finance+mercado&hl=pt-BR&gl=BR&ceid=BR:pt-419
2025-03-09 18:33:46,758 - GoogleNewsSearcher - INFO - Fetching news from https://news.google.com/rss/search?q=Embedded%20Finance&hl=en-US&gl=US&ceid=US:en
2025-03-09 18:33:47,743 - GoogleNewsSearcher - INFO - Fetching news from https://news.google.com/rss/search?q=%22Embedded%20Finance%22&hl=en-US&gl=US&ceid=US:en
2025-03-09 18:33:48,361 - GoogleNewsSearcher - INFO - Fetching news from https://news.google.com/rss/search?q=Embedded%20Finance&hl=en-US&gl=US&ceid=US:en&sort=date
2025-03-09 18:33:49,238 - GoogleNewsSearcher - INFO - Fetching news from https://news.google.com/rss/search?q=Embedded%20Finance+business&hl=en-US&gl=US&ceid=US:en
2025-03-09 18:33:50,137 - GoogleNewsSearcher - INFO - Fetching news from https://news.google.com/rss/search?q=Embedded%20Finance+finance&hl=en-US&gl=US&ceid=US:en
2025-03-09 18:33:51,462 - GoogleNewsSearcher - INFO - Fetching news from https://news.google.com/rss/search?q=ERP%20Banking&hl=pt-BR&gl=BR&ceid=BR:pt-419
2025-03-09 18:33:52,388 - GoogleNewsSearcher - INFO - Fetching news from https://news.google.com/rss/search?q=%22ERP%20Banking%22&hl=pt-BR&gl=BR&ceid=BR:pt-419
2025-03-09 18:33:53,365 - GoogleNewsSearcher - INFO - Fetching news from https://news.google.com/rss/search?q=ERP%20Banking&hl=pt-BR&gl=BR&ceid=BR:pt-419&sort=date
2025-03-09 18:33:54,113 - GoogleNewsSearcher - INFO - Fetching news from https://news.google.com/rss/search?q=ERP%20Banking+economia&hl=pt-BR&gl=BR&ceid=BR:pt-419
2025-03-09 18:33:55,115 - GoogleNewsSearcher - INFO - Fetching news from https://news.google.com/rss/search?q=ERP%20Banking+finan%C3%A7as&hl=pt-BR&gl=BR&ceid=BR:pt-419
2025-03-09 18:33:55,738 - GoogleNewsSearcher - INFO - Fetching news from https://news.google.com/rss/search?q=ERP%20Banking&hl=en-US&gl=US&ceid=US:en
2025-03-09 18:33:56,778 - GoogleNewsSearcher - INFO - Fetching news from https://news.google.com/rss/search?q=%22ERP%20Banking%22&hl=en-US&gl=US&ceid=US:en
2025-03-09 18:33:57,272 - GoogleNewsSearcher - INFO - Fetching news from https://news.google.com/rss/search?q=ERP%20Banking&hl=en-US&gl=US&ceid=US:en&sort=date
2025-03-09 18:33:58,434 - GoogleNewsSearcher - INFO - Fetching news from https://news.google.com/rss/search?q=ERP%20Banking+business&hl=en-US&gl=US&ceid=US:en
2025-03-09 18:33:59,306 - GoogleNewsSearcher - INFO - Fetching news from https://news.google.com/rss/search?q=ERP%20Banking+economy&hl=en-US&gl=US&ceid=US:en
2025-03-09 18:34:00,380 - GoogleNewsSearcher - INFO - Fetching news from https://news.google.com/rss/search?q=TOTVS%20Techfin&hl=pt-BR&gl=BR&ceid=BR:pt-419
2025-03-09 18:34:01,211 - GoogleNewsSearcher - INFO - Fetching news from https://news.google.com/rss/search?q=%22TOTVS%20Techfin%22&hl=pt-BR&gl=BR&ceid=BR:pt-419
2025-03-09 18:34:01,914 - GoogleNewsSearcher - INFO - Fetching news from https://news.google.com/rss/search?q=TOTVS%20Techfin&hl=pt-BR&gl=BR&ceid=BR:pt-419&sort=date
2025-03-09 18:34:02,702 - GoogleNewsSearcher - INFO - Fetching news from https://news.google.com/rss/search?q=TOTVS%20Techfin+neg%C3%B3cios&hl=pt-BR&gl=BR&ceid=BR:pt-419
2025-03-09 18:34:03,175 - GoogleNewsSearcher - INFO - Fetching news from https://news.google.com/rss/search?q=TOTVS%20Techfin+mercado&hl=pt-BR&gl=BR&ceid=BR:pt-419
2025-03-09 18:34:03,675 - GoogleNewsSearcher - INFO - Fetching news from https://news.google.com/rss/search?q=TOTVS%20Techfin&hl=en-US&gl=US&ceid=US:en
2025-03-09 18:34:04,306 - GoogleNewsSearcher - INFO - Fetching news from https://news.google.com/rss/search?q=%22TOTVS%20Techfin%22&hl=en-US&gl=US&ceid=US:en
2025-03-09 18:34:04,994 - GoogleNewsSearcher - INFO - Fetching news from https://news.google.com/rss/search?q=TOTVS%20Techfin&hl=en-US&gl=US&ceid=US:en&sort=date
2025-03-09 18:34:05,611 - GoogleNewsSearcher - INFO - Fetching news from https://news.google.com/rss/search?q=TOTVS%20Techfin+business&hl=en-US&gl=US&ceid=US:en
2025-03-09 18:34:06,281 - GoogleNewsSearcher - INFO - Fetching news from https://news.google.com/rss/search?q=TOTVS%20Techfin+market&hl=en-US&gl=US&ceid=US:en
2025-03-09 18:34:06,734 - GoogleNewsSearcher - INFO - Fetching news from https://news.google.com/rss/search?q=TOTVS%20Supplier&hl=pt-BR&gl=BR&ceid=BR:pt-419
2025-03-09 18:34:07,217 - GoogleNewsSearcher - INFO - Fetching news from https://news.google.com/rss/search?q=%22TOTVS%20Supplier%22&hl=pt-BR&gl=BR&ceid=BR:pt-419
2025-03-09 18:34:07,668 - GoogleNewsSearcher - WARNING - No entries found in feed from https://news.google.com/rss/search?q=%22TOTVS%20Supplier%22&hl=pt-BR&gl=BR&ceid=BR:pt-419
2025-03-09 18:34:07,669 - GoogleNewsSearcher - INFO - Fetching news from https://news.google.com/rss/search?q=TOTVS%20Supplier&hl=pt-BR&gl=BR&ceid=BR:pt-419&sort=date
2025-03-09 18:34:08,408 - GoogleNewsSearcher - INFO - Fetching news from https://news.google.com/rss/search?q=TOTVS%20Supplier+finan%C3%A7as&hl=pt-BR&gl=BR&ceid=BR:pt-419
2025-03-09 18:34:09,106 - GoogleNewsSearcher - INFO - Fetching news from https://news.google.com/rss/search?q=TOTVS%20Supplier+economia&hl=pt-BR&gl=BR&ceid=BR:pt-419
2025-03-09 18:34:10,018 - GoogleNewsSearcher - INFO - Fetching news from https://news.google.com/rss/search?q=TOTVS%20Supplier&hl=en-US&gl=US&ceid=US:en
2025-03-09 18:34:10,670 - GoogleNewsSearcher - INFO - Fetching news from https://news.google.com/rss/search?q=%22TOTVS%20Supplier%22&hl=en-US&gl=US&ceid=US:en
2025-03-09 18:34:11,282 - GoogleNewsSearcher - WARNING - No entries found in feed from https://news.google.com/rss/search?q=%22TOTVS%20Supplier%22&hl=en-US&gl=US&ceid=US:en
2025-03-09 18:34:11,282 - GoogleNewsSearcher - INFO - Fetching news from https://news.google.com/rss/search?q=TOTVS%20Supplier&hl=en-US&gl=US&ceid=US:en&sort=date
2025-03-09 18:34:11,614 - GoogleNewsSearcher - INFO - Fetching news from https://news.google.com/rss/search?q=TOTVS%20Supplier+market&hl=en-US&gl=US&ceid=US:en
2025-03-09 18:34:12,055 - GoogleNewsSearcher - INFO - Fetching news from https://news.google.com/rss/search?q=TOTVS%20Supplier+economy&hl=en-US&gl=US&ceid=US:en
2025-03-09 18:34:12,818 - GoogleNewsSearcher - INFO - Fetching news from https://news.google.com/rss/search?q=Integra%C3%A7%C3%B5es%20Banc%C3%A1rias&hl=pt-BR&gl=BR&ceid=BR:pt-419
2025-03-09 18:34:13,799 - GoogleNewsSearcher - INFO - Fetching news from https://news.google.com/rss/search?q=%22Integra%C3%A7%C3%B5es%20Banc%C3%A1rias%22&hl=pt-BR&gl=BR&ceid=BR:pt-419
2025-03-09 18:34:14,437 - GoogleNewsSearcher - INFO - Fetching news from https://news.google.com/rss/search?q=Integra%C3%A7%C3%B5es%20Banc%C3%A1rias&hl=pt-BR&gl=BR&ceid=BR:pt-419&sort=date
2025-03-09 18:34:15,421 - GoogleNewsSearcher - INFO - Fetching news from https://news.google.com/rss/search?q=Integra%C3%A7%C3%B5es%20Banc%C3%A1rias+mercado&hl=pt-BR&gl=BR&ceid=BR:pt-419
2025-03-09 18:34:16,429 - GoogleNewsSearcher - INFO - Fetching news from https://news.google.com/rss/search?q=Integra%C3%A7%C3%B5es%20Banc%C3%A1rias+finan%C3%A7as&hl=pt-BR&gl=BR&ceid=BR:pt-419
2025-03-09 18:34:17,671 - GoogleNewsSearcher - INFO - Fetching news from https://news.google.com/rss/search?q=Integra%C3%A7%C3%B5es%20Banc%C3%A1rias&hl=en-US&gl=US&ceid=US:en
2025-03-09 18:34:18,366 - GoogleNewsSearcher - INFO - Fetching news from https://news.google.com/rss/search?q=%22Integra%C3%A7%C3%B5es%20Banc%C3%A1rias%22&hl=en-US&gl=US&ceid=US:en
2025-03-09 18:34:18,787 - GoogleNewsSearcher - WARNING - No entries found in feed from https://news.google.com/rss/search?q=%22Integra%C3%A7%C3%B5es%20Banc%C3%A1rias%22&hl=en-US&gl=US&ceid=US:en
2025-03-09 18:34:18,787 - GoogleNewsSearcher - INFO - Fetching news from https://news.google.com/rss/search?q=Integra%C3%A7%C3%B5es%20Banc%C3%A1rias&hl=en-US&gl=US&ceid=US:en&sort=date
2025-03-09 18:34:19,581 - GoogleNewsSearcher - INFO - Fetching news from https://news.google.com/rss/search?q=Integra%C3%A7%C3%B5es%20Banc%C3%A1rias+finance&hl=en-US&gl=US&ceid=US:en
2025-03-09 18:34:20,969 - GoogleNewsSearcher - INFO - Fetching news from https://news.google.com/rss/search?q=Integra%C3%A7%C3%B5es%20Banc%C3%A1rias+business&hl=en-US&gl=US&ceid=US:en
2025-03-09 18:34:22,000 - GoogleNewsSearcher - INFO - Fetching news from https://news.google.com/rss/search?q=Ita%C3%BA%20BBA&hl=pt-BR&gl=BR&ceid=BR:pt-419
2025-03-09 18:34:22,762 - GoogleNewsSearcher - INFO - Fetching news from https://news.google.com/rss/search?q=%22Ita%C3%BA%20BBA%22&hl=pt-BR&gl=BR&ceid=BR:pt-419
2025-03-09 18:34:23,913 - GoogleNewsSearcher - INFO - Fetching news from https://news.google.com/rss/search?q=Ita%C3%BA%20BBA&hl=pt-BR&gl=BR&ceid=BR:pt-419&sort=date
2025-03-09 18:34:24,634 - GoogleNewsSearcher - INFO - Fetching news from https://news.google.com/rss/search?q=Ita%C3%BA%20BBA+finan%C3%A7as&hl=pt-BR&gl=BR&ceid=BR:pt-419
2025-03-09 18:34:25,992 - GoogleNewsSearcher - INFO - Fetching news from https://news.google.com/rss/search?q=Ita%C3%BA%20BBA+economia&hl=pt-BR&gl=BR&ceid=BR:pt-419
2025-03-09 18:34:26,924 - GoogleNewsSearcher - INFO - Fetching news from https://news.google.com/rss/search?q=Ita%C3%BA%20BBA&hl=en-US&gl=US&ceid=US:en
2025-03-09 18:34:28,204 - GoogleNewsSearcher - INFO - Fetching news from https://news.google.com/rss/search?q=%22Ita%C3%BA%20BBA%22&hl=en-US&gl=US&ceid=US:en
2025-03-09 18:34:28,981 - GoogleNewsSearcher - INFO - Fetching news from https://news.google.com/rss/search?q=Ita%C3%BA%20BBA&hl=en-US&gl=US&ceid=US:en&sort=date
2025-03-09 18:34:29,463 - GoogleNewsSearcher - INFO - Fetching news from https://news.google.com/rss/search?q=Ita%C3%BA%20BBA+market&hl=en-US&gl=US&ceid=US:en
2025-03-09 18:34:30,183 - GoogleNewsSearcher - INFO - Fetching news from https://news.google.com/rss/search?q=Ita%C3%BA%20BBA+business&hl=en-US&gl=US&ceid=US:en
2025-03-09 18:34:34,219 - GoogleNewsSearcher - INFO - Fetching news from https://news.google.com/rss/search?q=Embedded%20Finance&hl=pt-BR&gl=BR&ceid=BR:pt-419
2025-03-09 18:34:34,387 - GoogleNewsSearcher - INFO - Fetching news from https://news.google.com/rss/search?q=%22Embedded%20Finance%22&hl=pt-BR&gl=BR&ceid=BR:pt-419
2025-03-09 18:34:34,527 - GoogleNewsSearcher - INFO - Fetching news from https://news.google.com/rss/search?q=Embedded%20Finance&hl=pt-BR&gl=BR&ceid=BR:pt-419&sort=date
2025-03-09 18:34:34,708 - GoogleNewsSearcher - INFO - Fetching news from https://news.google.com/rss/search?q=Embedded%20Finance+mercado&hl=pt-BR&gl=BR&ceid=BR:pt-419
2025-03-09 18:34:34,819 - GoogleNewsSearcher - INFO - Fetching news from https://news.google.com/rss/search?q=Embedded%20Finance+economia&hl=pt-BR&gl=BR&ceid=BR:pt-419
2025-03-09 18:34:35,643 - GoogleNewsSearcher - INFO - Fetching news from https://news.google.com/rss/search?q=Embedded%20Finance&hl=en-US&gl=US&ceid=US:en
2025-03-09 18:34:35,867 - GoogleNewsSearcher - INFO - Fetching news from https://news.google.com/rss/search?q=%22Embedded%20Finance%22&hl=en-US&gl=US&ceid=US:en
2025-03-09 18:34:36,113 - GoogleNewsSearcher - INFO - Fetching news from https://news.google.com/rss/search?q=Embedded%20Finance&hl=en-US&gl=US&ceid=US:en&sort=date
2025-03-09 18:34:36,305 - GoogleNewsSearcher - INFO - Fetching news from https://news.google.com/rss/search?q=Embedded%20Finance+market&hl=en-US&gl=US&ceid=US:en
2025-03-09 18:34:37,643 - GoogleNewsSearcher - INFO - Fetching news from https://news.google.com/rss/search?q=Embedded%20Finance+finance&hl=en-US&gl=US&ceid=US:en
2025-03-09 18:34:37,855 - GoogleNewsSearcher - INFO - Fetching news from https://news.google.com/rss/search?q=ERP%20Banking&hl=pt-BR&gl=BR&ceid=BR:pt-419
2025-03-09 18:34:38,029 - GoogleNewsSearcher - INFO - Fetching news from https://news.google.com/rss/search?q=%22ERP%20Banking%22&hl=pt-BR&gl=BR&ceid=BR:pt-419
2025-03-09 18:34:38,213 - GoogleNewsSearcher - INFO - Fetching news from https://news.google.com/rss/search?q=ERP%20Banking&hl=pt-BR&gl=BR&ceid=BR:pt-419&sort=date
2025-03-09 18:34:38,420 - GoogleNewsSearcher - INFO - Fetching news from https://news.google.com/rss/search?q=ERP%20Banking+finan%C3%A7as&hl=pt-BR&gl=BR&ceid=BR:pt-419
2025-03-09 18:34:38,591 - GoogleNewsSearcher - INFO - Fetching news from https://news.google.com/rss/search?q=ERP%20Banking+mercado&hl=pt-BR&gl=BR&ceid=BR:pt-419
2025-03-09 18:34:39,430 - GoogleNewsSearcher - INFO - Fetching news from https://news.google.com/rss/search?q=ERP%20Banking&hl=en-US&gl=US&ceid=US:en
2025-03-09 18:34:39,613 - GoogleNewsSearcher - INFO - Fetching news from https://news.google.com/rss/search?q=%22ERP%20Banking%22&hl=en-US&gl=US&ceid=US:en
2025-03-09 18:34:39,757 - GoogleNewsSearcher - INFO - Fetching news from https://news.google.com/rss/search?q=ERP%20Banking&hl=en-US&gl=US&ceid=US:en&sort=date
2025-03-09 18:34:40,018 - GoogleNewsSearcher - INFO - Fetching news from https://news.google.com/rss/search?q=ERP%20Banking+business&hl=en-US&gl=US&ceid=US:en
2025-03-09 18:34:40,203 - GoogleNewsSearcher - INFO - Fetching news from https://news.google.com/rss/search?q=ERP%20Banking+market&hl=en-US&gl=US&ceid=US:en
2025-03-09 18:34:41,166 - GoogleNewsSearcher - INFO - Fetching news from https://news.google.com/rss/search?q=TOTVS%20Techfin&hl=pt-BR&gl=BR&ceid=BR:pt-419
2025-03-09 18:34:41,405 - GoogleNewsSearcher - INFO - Fetching news from https://news.google.com/rss/search?q=%22TOTVS%20Techfin%22&hl=pt-BR&gl=BR&ceid=BR:pt-419
2025-03-09 18:34:41,580 - GoogleNewsSearcher - INFO - Fetching news from https://news.google.com/rss/search?q=TOTVS%20Techfin&hl=pt-BR&gl=BR&ceid=BR:pt-419&sort=date
2025-03-09 18:34:41,729 - GoogleNewsSearcher - INFO - Fetching news from https://news.google.com/rss/search?q=TOTVS%20Techfin+mercado&hl=pt-BR&gl=BR&ceid=BR:pt-419
2025-03-09 18:34:41,852 - GoogleNewsSearcher - INFO - Fetching news from https://news.google.com/rss/search?q=TOTVS%20Techfin+neg%C3%B3cios&hl=pt-BR&gl=BR&ceid=BR:pt-419
2025-03-09 18:34:41,989 - GoogleNewsSearcher - INFO - Fetching news from https://news.google.com/rss/search?q=TOTVS%20Techfin&hl=en-US&gl=US&ceid=US:en
2025-03-09 18:34:42,131 - GoogleNewsSearcher - INFO - Fetching news from https://news.google.com/rss/search?q=%22TOTVS%20Techfin%22&hl=en-US&gl=US&ceid=US:en
2025-03-09 18:34:42,268 - GoogleNewsSearcher - INFO - Fetching news from https://news.google.com/rss/search?q=TOTVS%20Techfin&hl=en-US&gl=US&ceid=US:en&sort=date
2025-03-09 18:34:42,513 - GoogleNewsSearcher - INFO - Fetching news from https://news.google.com/rss/search?q=TOTVS%20Techfin+business&hl=en-US&gl=US&ceid=US:en
2025-03-09 18:34:42,616 - GoogleNewsSearcher - INFO - Fetching news from https://news.google.com/rss/search?q=TOTVS%20Techfin+finance&hl=en-US&gl=US&ceid=US:en
2025-03-09 18:34:43,237 - GoogleNewsSearcher - INFO - Fetching news from https://news.google.com/rss/search?q=TOTVS%20Supplier&hl=pt-BR&gl=BR&ceid=BR:pt-419
2025-03-09 18:34:43,398 - GoogleNewsSearcher - INFO - Fetching news from https://news.google.com/rss/search?q=%22TOTVS%20Supplier%22&hl=pt-BR&gl=BR&ceid=BR:pt-419
2025-03-09 18:34:43,616 - GoogleNewsSearcher - WARNING - No entries found in feed from https://news.google.com/rss/search?q=%22TOTVS%20Supplier%22&hl=pt-BR&gl=BR&ceid=BR:pt-419
2025-03-09 18:34:43,616 - GoogleNewsSearcher - INFO - Fetching news from https://news.google.com/rss/search?q=TOTVS%20Supplier&hl=pt-BR&gl=BR&ceid=BR:pt-419&sort=date
2025-03-09 18:34:43,840 - GoogleNewsSearcher - INFO - Fetching news from https://news.google.com/rss/search?q=TOTVS%20Supplier+finan%C3%A7as&hl=pt-BR&gl=BR&ceid=BR:pt-419
2025-03-09 18:34:43,963 - GoogleNewsSearcher - INFO - Fetching news from https://news.google.com/rss/search?q=TOTVS%20Supplier+mercado&hl=pt-BR&gl=BR&ceid=BR:pt-419
2025-03-09 18:34:45,281 - GoogleNewsSearcher - INFO - Fetching news from https://news.google.com/rss/search?q=TOTVS%20Supplier&hl=en-US&gl=US&ceid=US:en
2025-03-09 18:34:45,407 - GoogleNewsSearcher - INFO - Fetching news from https://news.google.com/rss/search?q=%22TOTVS%20Supplier%22&hl=en-US&gl=US&ceid=US:en
2025-03-09 18:34:45,568 - GoogleNewsSearcher - WARNING - No entries found in feed from https://news.google.com/rss/search?q=%22TOTVS%20Supplier%22&hl=en-US&gl=US&ceid=US:en
2025-03-09 18:34:45,568 - GoogleNewsSearcher - INFO - Fetching news from https://news.google.com/rss/search?q=TOTVS%20Supplier&hl=en-US&gl=US&ceid=US:en&sort=date
2025-03-09 18:34:45,690 - GoogleNewsSearcher - INFO - Fetching news from https://news.google.com/rss/search?q=TOTVS%20Supplier+economy&hl=en-US&gl=US&ceid=US:en
2025-03-09 18:34:45,826 - GoogleNewsSearcher - INFO - Fetching news from https://news.google.com/rss/search?q=TOTVS%20Supplier+business&hl=en-US&gl=US&ceid=US:en
2025-03-09 18:34:46,443 - GoogleNewsSearcher - INFO - Fetching news from https://news.google.com/rss/search?q=Integra%C3%A7%C3%B5es%20Banc%C3%A1rias&hl=pt-BR&gl=BR&ceid=BR:pt-419
2025-03-09 18:34:46,731 - GoogleNewsSearcher - INFO - Fetching news from https://news.google.com/rss/search?q=%22Integra%C3%A7%C3%B5es%20Banc%C3%A1rias%22&hl=pt-BR&gl=BR&ceid=BR:pt-419
2025-03-09 18:34:46,869 - GoogleNewsSearcher - INFO - Fetching news from https://news.google.com/rss/search?q=Integra%C3%A7%C3%B5es%20Banc%C3%A1rias&hl=pt-BR&gl=BR&ceid=BR:pt-419&sort=date
2025-03-09 18:34:47,031 - GoogleNewsSearcher - INFO - Fetching news from https://news.google.com/rss/search?q=Integra%C3%A7%C3%B5es%20Banc%C3%A1rias+neg%C3%B3cios&hl=pt-BR&gl=BR&ceid=BR:pt-419
2025-03-09 18:34:47,931 - GoogleNewsSearcher - INFO - Fetching news from https://news.google.com/rss/search?q=Integra%C3%A7%C3%B5es%20Banc%C3%A1rias+economia&hl=pt-BR&gl=BR&ceid=BR:pt-419
2025-03-09 18:34:48,834 - GoogleNewsSearcher - INFO - Fetching news from https://news.google.com/rss/search?q=Integra%C3%A7%C3%B5es%20Banc%C3%A1rias&hl=en-US&gl=US&ceid=US:en
2025-03-09 18:34:49,034 - GoogleNewsSearcher - INFO - Fetching news from https://news.google.com/rss/search?q=%22Integra%C3%A7%C3%B5es%20Banc%C3%A1rias%22&hl=en-US&gl=US&ceid=US:en
2025-03-09 18:34:49,149 - GoogleNewsSearcher - WARNING - No entries found in feed from https://news.google.com/rss/search?q=%22Integra%C3%A7%C3%B5es%20Banc%C3%A1rias%22&hl=en-US&gl=US&ceid=US:en
2025-03-09 18:34:49,150 - GoogleNewsSearcher - INFO - Fetching news from https://news.google.com/rss/search?q=Integra%C3%A7%C3%B5es%20Banc%C3%A1rias&hl=en-US&gl=US&ceid=US:en&sort=date
2025-03-09 18:34:49,308 - GoogleNewsSearcher - INFO - Fetching news from https://news.google.com/rss/search?q=Integra%C3%A7%C3%B5es%20Banc%C3%A1rias+finance&hl=en-US&gl=US&ceid=US:en
2025-03-09 18:34:49,599 - GoogleNewsSearcher - INFO - Fetching news from https://news.google.com/rss/search?q=Integra%C3%A7%C3%B5es%20Banc%C3%A1rias+market&hl=en-US&gl=US&ceid=US:en
2025-03-09 18:34:50,504 - GoogleNewsSearcher - INFO - Fetching news from https://news.google.com/rss/search?q=Ita%C3%BA%20BBA&hl=pt-BR&gl=BR&ceid=BR:pt-419
2025-03-09 18:34:50,746 - GoogleNewsSearcher - INFO - Fetching news from https://news.google.com/rss/search?q=%22Ita%C3%BA%20BBA%22&hl=pt-BR&gl=BR&ceid=BR:pt-419
2025-03-09 18:34:51,129 - GoogleNewsSearcher - INFO - Fetching news from https://news.google.com/rss/search?q=Ita%C3%BA%20BBA&hl=pt-BR&gl=BR&ceid=BR:pt-419&sort=date
2025-03-09 18:34:51,392 - GoogleNewsSearcher - INFO - Fetching news from https://news.google.com/rss/search?q=Ita%C3%BA%20BBA+economia&hl=pt-BR&gl=BR&ceid=BR:pt-419
2025-03-09 18:34:51,663 - GoogleNewsSearcher - INFO - Fetching news from https://news.google.com/rss/search?q=Ita%C3%BA%20BBA+mercado&hl=pt-BR&gl=BR&ceid=BR:pt-419
2025-03-09 18:34:52,779 - GoogleNewsSearcher - INFO - Fetching news from https://news.google.com/rss/search?q=Ita%C3%BA%20BBA&hl=en-US&gl=US&ceid=US:en
2025-03-09 18:34:52,990 - GoogleNewsSearcher - INFO - Fetching news from https://news.google.com/rss/search?q=%22Ita%C3%BA%20BBA%22&hl=en-US&gl=US&ceid=US:en
2025-03-09 18:34:53,128 - GoogleNewsSearcher - INFO - Fetching news from https://news.google.com/rss/search?q=Ita%C3%BA%20BBA&hl=en-US&gl=US&ceid=US:en&sort=date
2025-03-09 18:34:53,319 - GoogleNewsSearcher - INFO - Fetching news from https://news.google.com/rss/search?q=Ita%C3%BA%20BBA+business&hl=en-US&gl=US&ceid=US:en
2025-03-09 18:34:53,475 - GoogleNewsSearcher - INFO - Fetching news from https://news.google.com/rss/search?q=Ita%C3%BA%20BBA+economy&hl=en-US&gl=US&ceid=US:en
2025-03-09 18:36:16,920 - GoogleNewsSearcher - INFO - Fetching news from https://news.google.com/rss/search?q=Embedded%20Finance&hl=pt-BR&gl=BR&ceid=BR:pt-419
2025-03-09 18:36:17,779 - GoogleNewsSearcher - INFO - Fetching news from https://news.google.com/rss/search?q=%22Embedded%20Finance%22&hl=pt-BR&gl=BR&ceid=BR:pt-419
2025-03-09 18:36:18,793 - GoogleNewsSearcher - INFO - Fetching news from https://news.google.com/rss/search?q=Embedded%20Finance&hl=pt-BR&gl=BR&ceid=BR:pt-419&sort=date
2025-03-09 18:36:19,518 - GoogleNewsSearcher - INFO - Fetching news from https://news.google.com/rss/search?q=Embedded%20Finance+economia&hl=pt-BR&gl=BR&ceid=BR:pt-419
2025-03-09 18:36:20,114 - GoogleNewsSearcher - INFO - Fetching news from https://news.google.com/rss/search?q=Embedded%20Finance+neg%C3%B3cios&hl=pt-BR&gl=BR&ceid=BR:pt-419
2025-03-09 18:36:20,753 - GoogleNewsSearcher - INFO - Fetching news from https://news.google.com/rss/search?q=Embedded%20Finance&hl=en-US&gl=US&ceid=US:en
2025-03-09 18:36:21,671 - GoogleNewsSearcher - INFO - Fetching news from https://news.google.com/rss/search?q=%22Embedded%20Finance%22&hl=en-US&gl=US&ceid=US:en
2025-03-09 18:36:22,612 - GoogleNewsSearcher - INFO - Fetching news from https://news.google.com/rss/search?q=Embedded%20Finance&hl=en-US&gl=US&ceid=US:en&sort=date
2025-03-09 18:36:23,498 - GoogleNewsSearcher - INFO - Fetching news from https://news.google.com/rss/search?q=Embedded%20Finance+business&hl=en-US&gl=US&ceid=US:en
2025-03-09 18:36:24,362 - GoogleNewsSearcher - INFO - Fetching news from https://news.google.com/rss/search?q=Embedded%20Finance+finance&hl=en-US&gl=US&ceid=US:en
2025-03-09 18:36:25,397 - GoogleNewsSearcher - INFO - Fetching news from https://news.google.com/rss/search?q=ERP%20Banking&hl=pt-BR&gl=BR&ceid=BR:pt-419
2025-03-09 18:36:26,325 - GoogleNewsSearcher - INFO - Fetching news from https://news.google.com/rss/search?q=%22ERP%20Banking%22&hl=pt-BR&gl=BR&ceid=BR:pt-419
2025-03-09 18:36:26,767 - GoogleNewsSearcher - INFO - Fetching news from https://news.google.com/rss/search?q=ERP%20Banking&hl=pt-BR&gl=BR&ceid=BR:pt-419&sort=date
2025-03-09 18:36:27,294 - GoogleNewsSearcher - INFO - Fetching news from https://news.google.com/rss/search?q=ERP%20Banking+economia&hl=pt-BR&gl=BR&ceid=BR:pt-419
2025-03-09 18:36:28,498 - GoogleNewsSearcher - INFO - Fetching news from https://news.google.com/rss/search?q=ERP%20Banking+neg%C3%B3cios&hl=pt-BR&gl=BR&ceid=BR:pt-419
2025-03-09 18:36:29,495 - GoogleNewsSearcher - INFO - Fetching news from https://news.google.com/rss/search?q=ERP%20Banking&hl=en-US&gl=US&ceid=US:en
2025-03-09 18:36:30,187 - GoogleNewsSearcher - INFO - Fetching news from https://news.google.com/rss/search?q=%22ERP%20Banking%22&hl=en-US&gl=US&ceid=US:en
2025-03-09 18:36:30,776 - GoogleNewsSearcher - INFO - Fetching news from https://news.google.com/rss/search?q=ERP%20Banking&hl=en-US&gl=US&ceid=US:en&sort=date
2025-03-09 18:36:31,697 - GoogleNewsSearcher - INFO - Fetching news from https://news.google.com/rss/search?q=ERP%20Banking+business&hl=en-US&gl=US&ceid=US:en
2025-03-09 18:36:32,316 - GoogleNewsSearcher - INFO - Fetching news from https://news.google.com/rss/search?q=ERP%20Banking+market&hl=en-US&gl=US&ceid=US:en
2025-03-09 18:36:33,139 - GoogleNewsSearcher - INFO - Fetching news from https://news.google.com/rss/search?q=TOTVS%20Techfin&hl=pt-BR&gl=BR&ceid=BR:pt-419
2025-03-09 18:36:33,643 - GoogleNewsSearcher - INFO - Fetching news from https://news.google.com/rss/search?q=%22TOTVS%20Techfin%22&hl=pt-BR&gl=BR&ceid=BR:pt-419
2025-03-09 18:36:34,555 - GoogleNewsSearcher - INFO - Fetching news from https://news.google.com/rss/search?q=TOTVS%20Techfin&hl=pt-BR&gl=BR&ceid=BR:pt-419&sort=date
2025-03-09 18:36:35,386 - GoogleNewsSearcher - INFO - Fetching news from https://news.google.com/rss/search?q=TOTVS%20Techfin+mercado&hl=pt-BR&gl=BR&ceid=BR:pt-419
2025-03-09 18:36:35,862 - GoogleNewsSearcher - INFO - Fetching news from https://news.google.com/rss/search?q=TOTVS%20Techfin+economia&hl=pt-BR&gl=BR&ceid=BR:pt-419
2025-03-09 18:36:36,801 - GoogleNewsSearcher - INFO - Fetching news from https://news.google.com/rss/search?q=TOTVS%20Techfin&hl=en-US&gl=US&ceid=US:en
2025-03-09 18:36:37,475 - GoogleNewsSearcher - INFO - Fetching news from https://news.google.com/rss/search?q=%22TOTVS%20Techfin%22&hl=en-US&gl=US&ceid=US:en
2025-03-09 18:36:38,086 - GoogleNewsSearcher - INFO - Fetching news from https://news.google.com/rss/search?q=TOTVS%20Techfin&hl=en-US&gl=US&ceid=US:en&sort=date
2025-03-09 18:36:38,673 - GoogleNewsSearcher - INFO - Fetching news from https://news.google.com/rss/search?q=TOTVS%20Techfin+economy&hl=en-US&gl=US&ceid=US:en
2025-03-09 18:36:39,517 - GoogleNewsSearcher - INFO - Fetching news from https://news.google.com/rss/search?q=TOTVS%20Techfin+finance&hl=en-US&gl=US&ceid=US:en
2025-03-09 18:36:40,240 - GoogleNewsSearcher - INFO - Fetching news from https://news.google.com/rss/search?q=TOTVS%20Supplier&hl=pt-BR&gl=BR&ceid=BR:pt-419
2025-03-09 18:36:40,954 - GoogleNewsSearcher - INFO - Fetching news from https://news.google.com/rss/search?q=%22TOTVS%20Supplier%22&hl=pt-BR&gl=BR&ceid=BR:pt-419
2025-03-09 18:36:41,289 - GoogleNewsSearcher - WARNING - No entries found in feed from https://news.google.com/rss/search?q=%22TOTVS%20Supplier%22&hl=pt-BR&gl=BR&ceid=BR:pt-419
2025-03-09 18:36:41,289 - GoogleNewsSearcher - INFO - Fetching news from https://news.google.com/rss/search?q=TOTVS%20Supplier&hl=pt-BR&gl=BR&ceid=BR:pt-419&sort=date
2025-03-09 18:36:42,216 - GoogleNewsSearcher - INFO - Fetching news from https://news.google.com/rss/search?q=TOTVS%20Supplier+finan%C3%A7as&hl=pt-BR&gl=BR&ceid=BR:pt-419
2025-03-09 18:36:43,011 - GoogleNewsSearcher - INFO - Fetching news from https://news.google.com/rss/search?q=TOTVS%20Supplier+economia&hl=pt-BR&gl=BR&ceid=BR:pt-419
2025-03-09 18:36:43,512 - GoogleNewsSearcher - INFO - Fetching news from https://news.google.com/rss/search?q=TOTVS%20Supplier&hl=en-US&gl=US&ceid=US:en
2025-03-09 18:36:44,134 - GoogleNewsSearcher - INFO - Fetching news from https://news.google.com/rss/search?q=%22TOTVS%20Supplier%22&hl=en-US&gl=US&ceid=US:en
2025-03-09 18:36:44,739 - GoogleNewsSearcher - WARNING - No entries found in feed from https://news.google.com/rss/search?q=%22TOTVS%20Supplier%22&hl=en-US&gl=US&ceid=US:en
2025-03-09 18:36:44,739 - GoogleNewsSearcher - INFO - Fetching news from https://news.google.com/rss/search?q=TOTVS%20Supplier&hl=en-US&gl=US&ceid=US:en&sort=date
2025-03-09 18:36:45,353 - GoogleNewsSearcher - INFO - Fetching news from https://news.google.com/rss/search?q=TOTVS%20Supplier+finance&hl=en-US&gl=US&ceid=US:en
2025-03-09 18:36:46,378 - GoogleNewsSearcher - INFO - Fetching news from https://news.google.com/rss/search?q=TOTVS%20Supplier+market&hl=en-US&gl=US&ceid=US:en
2025-03-09 18:36:47,413 - GoogleNewsSearcher - INFO - Fetching news from https://news.google.com/rss/search?q=Integra%C3%A7%C3%B5es%20Banc%C3%A1rias&hl=pt-BR&gl=BR&ceid=BR:pt-419
2025-03-09 18:36:48,420 - GoogleNewsSearcher - INFO - Fetching news from https://news.google.com/rss/search?q=%22Integra%C3%A7%C3%B5es%20Banc%C3%A1rias%22&hl=pt-BR&gl=BR&ceid=BR:pt-419
2025-03-09 18:36:49,144 - GoogleNewsSearcher - INFO - Fetching news from https://news.google.com/rss/search?q=Integra%C3%A7%C3%B5es%20Banc%C3%A1rias&hl=pt-BR&gl=BR&ceid=BR:pt-419&sort=date
2025-03-09 18:36:49,969 - GoogleNewsSearcher - INFO - Fetching news from https://news.google.com/rss/search?q=Integra%C3%A7%C3%B5es%20Banc%C3%A1rias+finan%C3%A7as&hl=pt-BR&gl=BR&ceid=BR:pt-419
2025-03-09 18:36:50,622 - GoogleNewsSearcher - INFO - Fetching news from https://news.google.com/rss/search?q=Integra%C3%A7%C3%B5es%20Banc%C3%A1rias+neg%C3%B3cios&hl=pt-BR&gl=BR&ceid=BR:pt-419
2025-03-09 18:36:51,752 - GoogleNewsSearcher - INFO - Fetching news from https://news.google.com/rss/search?q=Integra%C3%A7%C3%B5es%20Banc%C3%A1rias&hl=en-US&gl=US&ceid=US:en
2025-03-09 18:36:52,164 - GoogleNewsSearcher - INFO - Fetching news from https://news.google.com/rss/search?q=%22Integra%C3%A7%C3%B5es%20Banc%C3%A1rias%22&hl=en-US&gl=US&ceid=US:en
2025-03-09 18:36:52,549 - GoogleNewsSearcher - WARNING - No entries found in feed from https://news.google.com/rss/search?q=%22Integra%C3%A7%C3%B5es%20Banc%C3%A1rias%22&hl=en-US&gl=US&ceid=US:en
2025-03-09 18:36:52,549 - GoogleNewsSearcher - INFO - Fetching news from https://news.google.com/rss/search?q=Integra%C3%A7%C3%B5es%20Banc%C3%A1rias&hl=en-US&gl=US&ceid=US:en&sort=date
2025-03-09 18:36:53,028 - GoogleNewsSearcher - INFO - Fetching news from https://news.google.com/rss/search?q=Integra%C3%A7%C3%B5es%20Banc%C3%A1rias+market&hl=en-US&gl=US&ceid=US:en
2025-03-09 18:36:53,903 - GoogleNewsSearcher - INFO - Fetching news from https://news.google.com/rss/search?q=Integra%C3%A7%C3%B5es%20Banc%C3%A1rias+finance&hl=en-US&gl=US&ceid=US:en
2025-03-09 18:36:54,933 - GoogleNewsSearcher - INFO - Fetching news from https://news.google.com/rss/search?q=Ita%C3%BA%20BBA&hl=pt-BR&gl=BR&ceid=BR:pt-419
2025-03-09 18:36:55,989 - GoogleNewsSearcher - INFO - Fetching news from https://news.google.com/rss/search?q=%22Ita%C3%BA%20BBA%22&hl=pt-BR&gl=BR&ceid=BR:pt-419
2025-03-09 18:36:57,101 - GoogleNewsSearcher - INFO - Fetching news from https://news.google.com/rss/search?q=Ita%C3%BA%20BBA&hl=pt-BR&gl=BR&ceid=BR:pt-419&sort=date
2025-03-09 18:36:58,039 - GoogleNewsSearcher - INFO - Fetching news from https://news.google.com/rss/search?q=Ita%C3%BA%20BBA+economia&hl=pt-BR&gl=BR&ceid=BR:pt-419
2025-03-09 18:36:59,145 - GoogleNewsSearcher - INFO - Fetching news from https://news.google.com/rss/search?q=Ita%C3%BA%20BBA+mercado&hl=pt-BR&gl=BR&ceid=BR:pt-419
2025-03-09 18:37:00,200 - GoogleNewsSearcher - INFO - Fetching news from https://news.google.com/rss/search?q=Ita%C3%BA%20BBA&hl=en-US&gl=US&ceid=US:en
2025-03-09 18:37:00,936 - GoogleNewsSearcher - INFO - Fetching news from https://news.google.com/rss/search?q=%22Ita%C3%BA%20BBA%22&hl=en-US&gl=US&ceid=US:en
2025-03-09 18:37:01,389 - GoogleNewsSearcher - INFO - Fetching news from https://news.google.com/rss/search?q=Ita%C3%BA%20BBA&hl=en-US&gl=US&ceid=US:en&sort=date
2025-03-09 18:37:01,868 - GoogleNewsSearcher - INFO - Fetching news from https://news.google.com/rss/search?q=Ita%C3%BA%20BBA+economy&hl=en-US&gl=US&ceid=US:en
2025-03-09 18:37:02,328 - GoogleNewsSearcher - INFO - Fetching news from https://news.google.com/rss/search?q=Ita%C3%BA%20BBA+business&hl=en-US&gl=US&ceid=US:en
2025-03-09 18:37:10,874 - GoogleNewsSearcher - INFO - Fetching news from https://news.google.com/rss/search?q=Embedded%20Finance&hl=pt-BR&gl=BR&ceid=BR:pt-419
2025-03-09 18:37:11,066 - GoogleNewsSearcher - INFO - Fetching news from https://news.google.com/rss/search?q=%22Embedded%20Finance%22&hl=pt-BR&gl=BR&ceid=BR:pt-419
2025-03-09 18:37:11,214 - GoogleNewsSearcher - INFO - Fetching news from https://news.google.com/rss/search?q=Embedded%20Finance&hl=pt-BR&gl=BR&ceid=BR:pt-419&sort=date
2025-03-09 18:37:11,370 - GoogleNewsSearcher - INFO - Fetching news from https://news.google.com/rss/search?q=Embedded%20Finance+economia&hl=pt-BR&gl=BR&ceid=BR:pt-419
2025-03-09 18:37:11,504 - GoogleNewsSearcher - INFO - Fetching news from https://news.google.com/rss/search?q=Embedded%20Finance+finan%C3%A7as&hl=pt-BR&gl=BR&ceid=BR:pt-419
2025-03-09 18:37:12,048 - GoogleNewsSearcher - INFO - Fetching news from https://news.google.com/rss/search?q=Embedded%20Finance&hl=en-US&gl=US&ceid=US:en
2025-03-09 18:37:12,309 - GoogleNewsSearcher - INFO - Fetching news from https://news.google.com/rss/search?q=%22Embedded%20Finance%22&hl=en-US&gl=US&ceid=US:en
2025-03-09 18:37:12,504 - GoogleNewsSearcher - INFO - Fetching news from https://news.google.com/rss/search?q=Embedded%20Finance&hl=en-US&gl=US&ceid=US:en&sort=date
2025-03-09 18:37:12,653 - GoogleNewsSearcher - INFO - Fetching news from https://news.google.com/rss/search?q=Embedded%20Finance+finance&hl=en-US&gl=US&ceid=US:en
2025-03-09 18:37:12,813 - GoogleNewsSearcher - INFO - Fetching news from https://news.google.com/rss/search?q=Embedded%20Finance+market&hl=en-US&gl=US&ceid=US:en
2025-03-09 18:37:14,076 - GoogleNewsSearcher - INFO - Saved 16 results to cache for Embedded_Finance_en_20250302_20250309
2025-03-09 18:37:14,076 - GoogleNewsSearcher - INFO - Fetching news from https://news.google.com/rss/search?q=ERP%20Banking&hl=pt-BR&gl=BR&ceid=BR:pt-419
2025-03-09 18:37:14,275 - GoogleNewsSearcher - INFO - Fetching news from https://news.google.com/rss/search?q=%22ERP%20Banking%22&hl=pt-BR&gl=BR&ceid=BR:pt-419
2025-03-09 18:37:14,401 - GoogleNewsSearcher - INFO - Fetching news from https://news.google.com/rss/search?q=ERP%20Banking&hl=pt-BR&gl=BR&ceid=BR:pt-419&sort=date
2025-03-09 18:37:14,528 - GoogleNewsSearcher - INFO - Fetching news from https://news.google.com/rss/search?q=ERP%20Banking+finan%C3%A7as&hl=pt-BR&gl=BR&ceid=BR:pt-419
2025-03-09 18:37:15,375 - GoogleNewsSearcher - INFO - Fetching news from https://news.google.com/rss/search?q=ERP%20Banking+mercado&hl=pt-BR&gl=BR&ceid=BR:pt-419
2025-03-09 18:37:16,060 - GoogleNewsSearcher - INFO - Fetching news from https://news.google.com/rss/search?q=ERP%20Banking&hl=en-US&gl=US&ceid=US:en
2025-03-09 18:37:16,211 - GoogleNewsSearcher - INFO - Fetching news from https://news.google.com/rss/search?q=%22ERP%20Banking%22&hl=en-US&gl=US&ceid=US:en
2025-03-09 18:37:16,370 - GoogleNewsSearcher - INFO - Fetching news from https://news.google.com/rss/search?q=ERP%20Banking&hl=en-US&gl=US&ceid=US:en&sort=date
2025-03-09 18:37:16,515 - GoogleNewsSearcher - INFO - Fetching news from https://news.google.com/rss/search?q=ERP%20Banking+business&hl=en-US&gl=US&ceid=US:en
2025-03-09 18:37:16,658 - GoogleNewsSearcher - INFO - Fetching news from https://news.google.com/rss/search?q=ERP%20Banking+market&hl=en-US&gl=US&ceid=US:en
2025-03-09 18:37:16,816 - GoogleNewsSearcher - INFO - Saved 1 results to cache for ERP_Banking_en_20250302_20250309
2025-03-09 18:37:16,817 - GoogleNewsSearcher - INFO - Fetching news from https://news.google.com/rss/search?q=TOTVS%20Techfin&hl=pt-BR&gl=BR&ceid=BR:pt-419
2025-03-09 18:37:16,978 - GoogleNewsSearcher - INFO - Fetching news from https://news.google.com/rss/search?q=%22TOTVS%20Techfin%22&hl=pt-BR&gl=BR&ceid=BR:pt-419
2025-03-09 18:37:17,119 - GoogleNewsSearcher - INFO - Fetching news from https://news.google.com/rss/search?q=TOTVS%20Techfin&hl=pt-BR&gl=BR&ceid=BR:pt-419&sort=date
2025-03-09 18:37:17,367 - GoogleNewsSearcher - INFO - Fetching news from https://news.google.com/rss/search?q=TOTVS%20Techfin+finan%C3%A7as&hl=pt-BR&gl=BR&ceid=BR:pt-419
2025-03-09 18:37:18,141 - GoogleNewsSearcher - INFO - Fetching news from https://news.google.com/rss/search?q=TOTVS%20Techfin+economia&hl=pt-BR&gl=BR&ceid=BR:pt-419
2025-03-09 18:37:18,283 - GoogleNewsSearcher - INFO - Saved 1 results to cache for TOTVS_Techfin_pt_20250302_20250309
2025-03-09 18:37:18,283 - GoogleNewsSearcher - INFO - Fetching news from https://news.google.com/rss/search?q=TOTVS%20Techfin&hl=en-US&gl=US&ceid=US:en
2025-03-09 18:37:18,386 - GoogleNewsSearcher - INFO - Fetching news from https://news.google.com/rss/search?q=%22TOTVS%20Techfin%22&hl=en-US&gl=US&ceid=US:en
2025-03-09 18:37:18,556 - GoogleNewsSearcher - INFO - Fetching news from https://news.google.com/rss/search?q=TOTVS%20Techfin&hl=en-US&gl=US&ceid=US:en&sort=date
2025-03-09 18:37:18,664 - GoogleNewsSearcher - INFO - Fetching news from https://news.google.com/rss/search?q=TOTVS%20Techfin+market&hl=en-US&gl=US&ceid=US:en
2025-03-09 18:37:19,436 - GoogleNewsSearcher - INFO - Fetching news from https://news.google.com/rss/search?q=TOTVS%20Techfin+finance&hl=en-US&gl=US&ceid=US:en
2025-03-09 18:37:19,631 - GoogleNewsSearcher - INFO - Fetching news from https://news.google.com/rss/search?q=TOTVS%20Supplier&hl=pt-BR&gl=BR&ceid=BR:pt-419
2025-03-09 18:37:19,762 - GoogleNewsSearcher - INFO - Fetching news from https://news.google.com/rss/search?q=%22TOTVS%20Supplier%22&hl=pt-BR&gl=BR&ceid=BR:pt-419
2025-03-09 18:37:19,866 - GoogleNewsSearcher - WARNING - No entries found in feed from https://news.google.com/rss/search?q=%22TOTVS%20Supplier%22&hl=pt-BR&gl=BR&ceid=BR:pt-419
2025-03-09 18:37:19,866 - GoogleNewsSearcher - INFO - Fetching news from https://news.google.com/rss/search?q=TOTVS%20Supplier&hl=pt-BR&gl=BR&ceid=BR:pt-419&sort=date
2025-03-09 18:37:20,019 - GoogleNewsSearcher - INFO - Fetching news from https://news.google.com/rss/search?q=TOTVS%20Supplier+economia&hl=pt-BR&gl=BR&ceid=BR:pt-419
2025-03-09 18:37:20,145 - GoogleNewsSearcher - INFO - Fetching news from https://news.google.com/rss/search?q=TOTVS%20Supplier+mercado&hl=pt-BR&gl=BR&ceid=BR:pt-419
2025-03-09 18:37:20,723 - GoogleNewsSearcher - INFO - Fetching news from https://news.google.com/rss/search?q=TOTVS%20Supplier&hl=en-US&gl=US&ceid=US:en
2025-03-09 18:37:20,858 - GoogleNewsSearcher - INFO - Fetching news from https://news.google.com/rss/search?q=%22TOTVS%20Supplier%22&hl=en-US&gl=US&ceid=US:en
2025-03-09 18:37:21,009 - GoogleNewsSearcher - WARNING - No entries found in feed from https://news.google.com/rss/search?q=%22TOTVS%20Supplier%22&hl=en-US&gl=US&ceid=US:en
2025-03-09 18:37:21,009 - GoogleNewsSearcher - INFO - Fetching news from https://news.google.com/rss/search?q=TOTVS%20Supplier&hl=en-US&gl=US&ceid=US:en&sort=date
2025-03-09 18:37:21,138 - GoogleNewsSearcher - INFO - Fetching news from https://news.google.com/rss/search?q=TOTVS%20Supplier+business&hl=en-US&gl=US&ceid=US:en
2025-03-09 18:37:21,471 - GoogleNewsSearcher - INFO - Fetching news from https://news.google.com/rss/search?q=TOTVS%20Supplier+finance&hl=en-US&gl=US&ceid=US:en
2025-03-09 18:37:21,593 - GoogleNewsSearcher - INFO - Fetching news from https://news.google.com/rss/search?q=Integra%C3%A7%C3%B5es%20Banc%C3%A1rias&hl=pt-BR&gl=BR&ceid=BR:pt-419
2025-03-09 18:37:21,829 - GoogleNewsSearcher - INFO - Fetching news from https://news.google.com/rss/search?q=%22Integra%C3%A7%C3%B5es%20Banc%C3%A1rias%22&hl=pt-BR&gl=BR&ceid=BR:pt-419
2025-03-09 18:37:21,944 - GoogleNewsSearcher - INFO - Fetching news from https://news.google.com/rss/search?q=Integra%C3%A7%C3%B5es%20Banc%C3%A1rias&hl=pt-BR&gl=BR&ceid=BR:pt-419&sort=date
2025-03-09 18:37:22,097 - GoogleNewsSearcher - INFO - Fetching news from https://news.google.com/rss/search?q=Integra%C3%A7%C3%B5es%20Banc%C3%A1rias+finan%C3%A7as&hl=pt-BR&gl=BR&ceid=BR:pt-419
2025-03-09 18:37:22,265 - GoogleNewsSearcher - INFO - Fetching news from https://news.google.com/rss/search?q=Integra%C3%A7%C3%B5es%20Banc%C3%A1rias+mercado&hl=pt-BR&gl=BR&ceid=BR:pt-419
2025-03-09 18:37:23,174 - GoogleNewsSearcher - INFO - Saved 1 results to cache for Integrações_Bancárias_pt_20250302_20250309
2025-03-09 18:37:23,174 - GoogleNewsSearcher - INFO - Fetching news from https://news.google.com/rss/search?q=Integra%C3%A7%C3%B5es%20Banc%C3%A1rias&hl=en-US&gl=US&ceid=US:en
2025-03-09 18:37:23,330 - GoogleNewsSearcher - INFO - Fetching news from https://news.google.com/rss/search?q=%22Integra%C3%A7%C3%B5es%20Banc%C3%A1rias%22&hl=en-US&gl=US&ceid=US:en
2025-03-09 18:37:23,494 - GoogleNewsSearcher - WARNING - No entries found in feed from https://news.google.com/rss/search?q=%22Integra%C3%A7%C3%B5es%20Banc%C3%A1rias%22&hl=en-US&gl=US&ceid=US:en
2025-03-09 18:37:23,494 - GoogleNewsSearcher - INFO - Fetching news from https://news.google.com/rss/search?q=Integra%C3%A7%C3%B5es%20Banc%C3%A1rias&hl=en-US&gl=US&ceid=US:en&sort=date
2025-03-09 18:37:23,665 - GoogleNewsSearcher - INFO - Fetching news from https://news.google.com/rss/search?q=Integra%C3%A7%C3%B5es%20Banc%C3%A1rias+finance&hl=en-US&gl=US&ceid=US:en
2025-03-09 18:37:23,846 - GoogleNewsSearcher - INFO - Fetching news from https://news.google.com/rss/search?q=Integra%C3%A7%C3%B5es%20Banc%C3%A1rias+business&hl=en-US&gl=US&ceid=US:en
2025-03-09 18:37:24,316 - GoogleNewsSearcher - INFO - Fetching news from https://news.google.com/rss/search?q=Ita%C3%BA%20BBA&hl=pt-BR&gl=BR&ceid=BR:pt-419
2025-03-09 18:37:24,503 - GoogleNewsSearcher - INFO - Fetching news from https://news.google.com/rss/search?q=%22Ita%C3%BA%20BBA%22&hl=pt-BR&gl=BR&ceid=BR:pt-419
2025-03-09 18:37:24,738 - GoogleNewsSearcher - INFO - Fetching news from https://news.google.com/rss/search?q=Ita%C3%BA%20BBA&hl=pt-BR&gl=BR&ceid=BR:pt-419&sort=date
2025-03-09 18:37:24,974 - GoogleNewsSearcher - INFO - Fetching news from https://news.google.com/rss/search?q=Ita%C3%BA%20BBA+finan%C3%A7as&hl=pt-BR&gl=BR&ceid=BR:pt-419
2025-03-09 18:37:26,166 - GoogleNewsSearcher - INFO - Fetching news from https://news.google.com/rss/search?q=Ita%C3%BA%20BBA+mercado&hl=pt-BR&gl=BR&ceid=BR:pt-419
2025-03-09 18:37:26,341 - GoogleNewsSearcher - INFO - Saved 14 results to cache for Itaú_BBA_pt_20250302_20250309
2025-03-09 18:37:26,342 - GoogleNewsSearcher - INFO - Fetching news from https://news.google.com/rss/search?q=Ita%C3%BA%20BBA&hl=en-US&gl=US&ceid=US:en
2025-03-09 18:37:26,499 - GoogleNewsSearcher - INFO - Fetching news from https://news.google.com/rss/search?q=%22Ita%C3%BA%20BBA%22&hl=en-US&gl=US&ceid=US:en
2025-03-09 18:37:26,630 - GoogleNewsSearcher - INFO - Fetching news from https://news.google.com/rss/search?q=Ita%C3%BA%20BBA&hl=en-US&gl=US&ceid=US:en&sort=date
2025-03-09 18:37:26,754 - GoogleNewsSearcher - INFO - Fetching news from https://news.google.com/rss/search?q=Ita%C3%BA%20BBA+market&hl=en-US&gl=US&ceid=US:en
2025-03-09 18:37:27,418 - GoogleNewsSearcher - INFO - Fetching news from https://news.google.com/rss/search?q=Ita%C3%BA%20BBA+finance&hl=en-US&gl=US&ceid=US:en
2025-03-09 18:37:28,278 - GoogleNewsSearcher - INFO - Saved 1 results to cache for Itaú_BBA_en_20250302_20250309
2025-03-09 18:38:50,035 - GoogleNewsSearcher - INFO - Fetching news from https://news.google.com/rss/search?q=TOTVS%20Techfin&hl=pt-BR&gl=BR&ceid=BR:pt-419
2025-03-09 18:38:50,543 - GoogleNewsSearcher - INFO - Fetching news from https://news.google.com/rss/search?q=%22TOTVS%20Techfin%22&hl=pt-BR&gl=BR&ceid=BR:pt-419
2025-03-09 18:38:51,266 - GoogleNewsSearcher - INFO - Fetching news from https://news.google.com/rss/search?q=TOTVS%20Techfin&hl=pt-BR&gl=BR&ceid=BR:pt-419&sort=date
2025-03-09 18:38:52,005 - GoogleNewsSearcher - INFO - Fetching news from https://news.google.com/rss/search?q=TOTVS%20Techfin+mercado&hl=pt-BR&gl=BR&ceid=BR:pt-419
2025-03-09 18:38:52,678 - GoogleNewsSearcher - INFO - Fetching news from https://news.google.com/rss/search?q=TOTVS%20Techfin+economia&hl=pt-BR&gl=BR&ceid=BR:pt-419
2025-03-09 18:38:55,607 - GoogleNewsSearcher - INFO - Saved 47 results to cache for TOTVS_Techfin_pt_20240101_20250309
2025-03-09 18:38:55,608 - GoogleNewsSearcher - INFO - Fetching news from https://news.google.com/rss/search?q=TOTVS%20Techfin&hl=en-US&gl=US&ceid=US:en
2025-03-09 18:38:56,454 - GoogleNewsSearcher - INFO - Fetching news from https://news.google.com/rss/search?q=%22TOTVS%20Techfin%22&hl=en-US&gl=US&ceid=US:en
2025-03-09 18:38:57,384 - GoogleNewsSearcher - INFO - Fetching news from https://news.google.com/rss/search?q=TOTVS%20Techfin&hl=en-US&gl=US&ceid=US:en&sort=date
2025-03-09 18:38:57,996 - GoogleNewsSearcher - INFO - Fetching news from https://news.google.com/rss/search?q=TOTVS%20Techfin+market&hl=en-US&gl=US&ceid=US:en
2025-03-09 18:38:58,098 - GoogleNewsSearcher - INFO - Fetching news from https://news.google.com/rss/search?q=TOTVS%20Techfin+economy&hl=en-US&gl=US&ceid=US:en
2025-03-09 18:44:39,423 - GoogleNewsSearcher - INFO - Fetching news from https://news.google.com/rss/search?q=Embedded%20Finance&hl=pt-BR&gl=BR&ceid=BR:pt-419
2025-03-09 18:44:40,642 - GoogleNewsSearcher - INFO - Fetching news from https://news.google.com/rss/search?q=%22Embedded%20Finance%22&hl=pt-BR&gl=BR&ceid=BR:pt-419
2025-03-09 18:44:41,381 - GoogleNewsSearcher - INFO - Fetching news from https://news.google.com/rss/search?q=Embedded%20Finance&hl=pt-BR&gl=BR&ceid=BR:pt-419&sort=date
2025-03-09 18:44:41,880 - GoogleNewsSearcher - INFO - Fetching news from https://news.google.com/rss/search?q=Embedded%20Finance+neg%C3%B3cios&hl=pt-BR&gl=BR&ceid=BR:pt-419
2025-03-09 18:44:42,609 - GoogleNewsSearcher - INFO - Fetching news from https://news.google.com/rss/search?q=Embedded%20Finance+finan%C3%A7as&hl=pt-BR&gl=BR&ceid=BR:pt-419
2025-03-09 18:44:43,356 - GoogleNewsSearcher - INFO - Loaded 16 results from cache for Embedded_Finance_en_20250302_20250309
2025-03-09 18:44:43,356 - GoogleNewsSearcher - INFO - Fetching news from https://news.google.com/rss/search?q=ERP%20Banking&hl=pt-BR&gl=BR&ceid=BR:pt-419
2025-03-09 18:44:44,409 - GoogleNewsSearcher - INFO - Fetching news from https://news.google.com/rss/search?q=%22ERP%20Banking%22&hl=pt-BR&gl=BR&ceid=BR:pt-419
2025-03-09 18:44:45,170 - GoogleNewsSearcher - INFO - Fetching news from https://news.google.com/rss/search?q=ERP%20Banking&hl=pt-BR&gl=BR&ceid=BR:pt-419&sort=date
2025-03-09 18:44:45,912 - GoogleNewsSearcher - INFO - Fetching news from https://news.google.com/rss/search?q=ERP%20Banking+economia&hl=pt-BR&gl=BR&ceid=BR:pt-419
2025-03-09 18:44:46,646 - GoogleNewsSearcher - INFO - Fetching news from https://news.google.com/rss/search?q=ERP%20Banking+finan%C3%A7as&hl=pt-BR&gl=BR&ceid=BR:pt-419
2025-03-09 18:44:47,492 - GoogleNewsSearcher - INFO - Loaded 1 results from cache for ERP_Banking_en_20250302_20250309
2025-03-09 18:44:47,493 - GoogleNewsSearcher - INFO - Loaded 1 results from cache for TOTVS_Techfin_pt_20250302_20250309
2025-03-09 18:44:47,494 - GoogleNewsSearcher - INFO - Fetching news from https://news.google.com/rss/search?q=TOTVS%20Techfin&hl=en-US&gl=US&ceid=US:en
2025-03-09 18:44:48,161 - GoogleNewsSearcher - INFO - Fetching news from https://news.google.com/rss/search?q=%22TOTVS%20Techfin%22&hl=en-US&gl=US&ceid=US:en
2025-03-09 18:44:48,524 - GoogleNewsSearcher - INFO - Fetching news from https://news.google.com/rss/search?q=TOTVS%20Techfin&hl=en-US&gl=US&ceid=US:en&sort=date
2025-03-09 18:44:48,857 - GoogleNewsSearcher - INFO - Fetching news from https://news.google.com/rss/search?q=TOTVS%20Techfin+economy&hl=en-US&gl=US&ceid=US:en
2025-03-09 18:44:49,460 - GoogleNewsSearcher - INFO - Fetching news from https://news.google.com/rss/search?q=TOTVS%20Techfin+market&hl=en-US&gl=US&ceid=US:en
2025-03-09 18:44:50,112 - GoogleNewsSearcher - INFO - Fetching news from https://news.google.com/rss/search?q=TOTVS%20Supplier&hl=pt-BR&gl=BR&ceid=BR:pt-419
2025-03-09 18:44:50,643 - GoogleNewsSearcher - INFO - Fetching news from https://news.google.com/rss/search?q=%22TOTVS%20Supplier%22&hl=pt-BR&gl=BR&ceid=BR:pt-419
2025-03-09 18:44:51,216 - GoogleNewsSearcher - WARNING - No entries found in feed from https://news.google.com/rss/search?q=%22TOTVS%20Supplier%22&hl=pt-BR&gl=BR&ceid=BR:pt-419
2025-03-09 18:44:51,216 - GoogleNewsSearcher - INFO - Fetching news from https://news.google.com/rss/search?q=TOTVS%20Supplier&hl=pt-BR&gl=BR&ceid=BR:pt-419&sort=date
2025-03-09 18:44:51,906 - GoogleNewsSearcher - INFO - Fetching news from https://news.google.com/rss/search?q=TOTVS%20Supplier+mercado&hl=pt-BR&gl=BR&ceid=BR:pt-419
2025-03-09 18:44:52,774 - GoogleNewsSearcher - INFO - Fetching news from https://news.google.com/rss/search?q=TOTVS%20Supplier+neg%C3%B3cios&hl=pt-BR&gl=BR&ceid=BR:pt-419
2025-03-09 18:44:53,442 - GoogleNewsSearcher - INFO - Fetching news from https://news.google.com/rss/search?q=TOTVS%20Supplier&hl=en-US&gl=US&ceid=US:en
2025-03-09 18:44:53,997 - GoogleNewsSearcher - INFO - Fetching news from https://news.google.com/rss/search?q=%22TOTVS%20Supplier%22&hl=en-US&gl=US&ceid=US:en
2025-03-09 18:44:54,364 - GoogleNewsSearcher - WARNING - No entries found in feed from https://news.google.com/rss/search?q=%22TOTVS%20Supplier%22&hl=en-US&gl=US&ceid=US:en
2025-03-09 18:44:54,364 - GoogleNewsSearcher - INFO - Fetching news from https://news.google.com/rss/search?q=TOTVS%20Supplier&hl=en-US&gl=US&ceid=US:en&sort=date
2025-03-09 18:44:55,149 - GoogleNewsSearcher - INFO - Fetching news from https://news.google.com/rss/search?q=TOTVS%20Supplier+business&hl=en-US&gl=US&ceid=US:en
2025-03-09 18:44:55,764 - GoogleNewsSearcher - INFO - Fetching news from https://news.google.com/rss/search?q=TOTVS%20Supplier+economy&hl=en-US&gl=US&ceid=US:en
2025-03-09 18:44:56,115 - GoogleNewsSearcher - INFO - Loaded 1 results from cache for Integrações_Bancárias_pt_20250302_20250309
2025-03-09 18:44:56,115 - GoogleNewsSearcher - INFO - Fetching news from https://news.google.com/rss/search?q=Integra%C3%A7%C3%B5es%20Banc%C3%A1rias&hl=en-US&gl=US&ceid=US:en
2025-03-09 18:44:56,822 - GoogleNewsSearcher - INFO - Fetching news from https://news.google.com/rss/search?q=%22Integra%C3%A7%C3%B5es%20Banc%C3%A1rias%22&hl=en-US&gl=US&ceid=US:en
2025-03-09 18:44:57,233 - GoogleNewsSearcher - WARNING - No entries found in feed from https://news.google.com/rss/search?q=%22Integra%C3%A7%C3%B5es%20Banc%C3%A1rias%22&hl=en-US&gl=US&ceid=US:en
2025-03-09 18:44:57,233 - GoogleNewsSearcher - INFO - Fetching news from https://news.google.com/rss/search?q=Integra%C3%A7%C3%B5es%20Banc%C3%A1rias&hl=en-US&gl=US&ceid=US:en&sort=date
2025-03-09 18:44:58,033 - GoogleNewsSearcher - INFO - Fetching news from https://news.google.com/rss/search?q=Integra%C3%A7%C3%B5es%20Banc%C3%A1rias+business&hl=en-US&gl=US&ceid=US:en
2025-03-09 18:44:58,946 - GoogleNewsSearcher - INFO - Fetching news from https://news.google.com/rss/search?q=Integra%C3%A7%C3%B5es%20Banc%C3%A1rias+finance&hl=en-US&gl=US&ceid=US:en
2025-03-09 18:44:59,884 - GoogleNewsSearcher - INFO - Loaded 14 results from cache for Itaú_BBA_pt_20250302_20250309
2025-03-09 18:44:59,885 - GoogleNewsSearcher - INFO - Loaded 1 results from cache for Itaú_BBA_en_20250302_20250309
